....threadIdx.x: 0, blockIdx.x: 0, C[0]: 0.000000 0.070015 573.562500 573.562500
threadIdx.x: 1, blockIdx.x: 0, C[0]: 0.140030 0.209991 573.562500 573.562500
threadIdx.x: 2, blockIdx.x: 0, C[0]: 0.280060 0.349915 573.562500 574.000000
threadIdx.x: 3, blockIdx.x: 0, C[0]: 0.419983 0.490051 574.000000 574.000000
threadIdx.x: 4, blockIdx.x: 0, C[0]: 71.695312 71.750000 645.312500 645.312500
threadIdx.x: 5, blockIdx.x: 0, C[0]: 71.804688 71.914062 645.312500 645.312500
threadIdx.x: 6, blockIdx.x: 0, C[0]: 71.968750 72.023438 645.312500 645.312500
threadIdx.x: 7, blockIdx.x: 0, C[0]: 72.078125 72.187500 645.750000 645.750000
threadIdx.x: 8, blockIdx.x: 0, C[0]: 143.390625 143.390625 716.625000 717.062500
threadIdx.x: 9, blockIdx.x: 0, C[0]: 143.500000 143.609375 717.062500 717.062500
threadIdx.x: 0, blockIdx.x: 0, C[1]: 0.560120 0.630188 574.000000 574.000000
threadIdx.x: 1, blockIdx.x: 0, C[1]: 0.699829 0.769897 574.000000 574.000000
threadIdx.x: 2, blockIdx.x: 0, C[1]: 0.839966 0.910034 574.437500 574.437500
threadIdx.x: 3, blockIdx.x: 0, C[1]: 0.980103 1.050171 574.437500 574.437500
threadIdx.x: 4, blockIdx.x: 0, C[1]: 72.242188 72.296875 645.750000 645.750000
threadIdx.x: 5, blockIdx.x: 0, C[1]: 72.406250 72.460938 645.750000 645.750000
threadIdx.x: 6, blockIdx.x: 0, C[1]: 72.515625 72.570312 645.750000 646.187500
threadIdx.x: 7, blockIdx.x: 0, C[1]: 72.679688 72.734375 646.187500 646.187500
threadIdx.x: 8, blockIdx.x: 0, C[1]: 143.937500 143.937500 717.500000 717.500000
threadIdx.x: 9, blockIdx.x: 0, C[1]: 144.046875 144.156250 717.500000 717.500000
threadIdx.x: 0, blockIdx.x: 0, C[2]: 0.000000 0.000000 0.000000 0.000000
threadIdx.x: 1, blockIdx.x: 0, C[2]: 0.000000 0.000000 0.000000 0.000000
threadIdx.x: 2, blockIdx.x: 0, C[2]: 0.000000 0.000000 0.000000 0.000000
threadIdx.x: 3, blockIdx.x: 0, C[2]: 0.000000 0.000000 0.000000 0.000000
threadIdx.x: 4, blockIdx.x: 0, C[2]: 0.000000 0.000000 0.000000 0.000000
threadIdx.x: 5, blockIdx.x: 0, C[2]: 0.000000 0.000000 0.000000 0.000000
threadIdx.x: 6, blockIdx.x: 0, C[2]: 0.000000 0.000000 0.000000 0.000000
threadIdx.x: 7, blockIdx.x: 0, C[2]: 0.000000 0.000000 0.000000 0.000000
threadIdx.x: 8, blockIdx.x: 0, C[2]: 0.000000 0.000000 0.000000 0.000000
threadIdx.x: 9, blockIdx.x: 0, C[2]: 0.000000 0.000000 0.000000 0.000000
threadIdx.x: 0, blockIdx.x: 0, C[3]: 0.000000 0.000000 0.000000 0.000000
threadIdx.x: 1, blockIdx.x: 0, C[3]: 0.000000 0.000000 0.000000 0.000000
threadIdx.x: 2, blockIdx.x: 0, C[3]: 0.000000 0.000000 0.000000 0.000000
threadIdx.x: 3, blockIdx.x: 0, C[3]: 0.000000 0.000000 0.000000 0.000000
threadIdx.x: 4, blockIdx.x: 0, C[3]: 0.000000 0.000000 0.000000 0.000000
threadIdx.x: 5, blockIdx.x: 0, C[3]: 0.000000 0.000000 0.000000 0.000000
threadIdx.x: 6, blockIdx.x: 0, C[3]: 0.000000 0.000000 0.000000 0.000000
threadIdx.x: 7, blockIdx.x: 0, C[3]: 0.000000 0.000000 0.000000 0.000000
threadIdx.x: 8, blockIdx.x: 0, C[3]: 0.000000 0.000000 0.000000 0.000000
threadIdx.x: 9, blockIdx.x: 0, C[3]: 0.000000 0.000000 0.000000 0.000000
threadIdx.x: 0, blockIdx.x: 0, C[4]: 2.240479 2.310547 575.750000 575.750000
threadIdx.x: 1, blockIdx.x: 0, C[4]: 2.380615 2.450684 575.750000 575.750000
threadIdx.x: 2, blockIdx.x: 0, C[4]: 2.520752 2.590820 575.750000 576.187500
threadIdx.x: 3, blockIdx.x: 0, C[4]: 2.659180 2.729248 576.187500 576.187500
threadIdx.x: 4, blockIdx.x: 0, C[4]: 73.937500 73.992188 647.500000 647.500000
threadIdx.x: 5, blockIdx.x: 0, C[4]: 74.046875 74.156250 647.500000 647.500000
threadIdx.x: 6, blockIdx.x: 0, C[4]: 74.210938 74.265625 647.500000 647.500000
threadIdx.x: 7, blockIdx.x: 0, C[4]: 74.320312 74.429688 647.937500 647.937500
threadIdx.x: 8, blockIdx.x: 0, C[4]: 145.578125 145.687500 719.250000 719.250000
threadIdx.x: 9, blockIdx.x: 0, C[4]: 145.687500 145.796875 719.250000 719.250000
threadIdx.x: 0, blockIdx.x: 0, C[5]: 2.799316 2.869385 576.187500 576.187500
threadIdx.x: 1, blockIdx.x: 0, C[5]: 2.939453 3.009521 576.187500 576.625000
threadIdx.x: 2, blockIdx.x: 0, C[5]: 3.079590 3.149658 576.625000 576.625000
threadIdx.x: 3, blockIdx.x: 0, C[5]: 3.219727 3.289795 576.625000 576.625000
threadIdx.x: 4, blockIdx.x: 0, C[5]: 74.484375 74.539062 647.937500 647.937500
threadIdx.x: 5, blockIdx.x: 0, C[5]: 74.593750 74.703125 647.937500 647.937500
threadIdx.x: 6, blockIdx.x: 0, C[5]: 74.757812 74.812500 648.375000 648.375000
threadIdx.x: 7, blockIdx.x: 0, C[5]: 74.921875 74.976562 648.375000 648.375000
threadIdx.x: 8, blockIdx.x: 0, C[5]: 146.125000 146.234375 719.687500 719.687500
threadIdx.x: 9, blockIdx.x: 0, C[5]: 146.343750 146.343750 719.687500 719.687500
threadIdx.x: 0, blockIdx.x: 0, C[6]: 0.000000 0.000000 0.000000 0.000000
threadIdx.x: 1, blockIdx.x: 0, C[6]: 0.000000 0.000000 0.000000 0.000000
threadIdx.x: 2, blockIdx.x: 0, C[6]: 0.000000 0.000000 0.000000 0.000000
threadIdx.x: 3, blockIdx.x: 0, C[6]: 0.000000 0.000000 0.000000 0.000000
threadIdx.x: 4, blockIdx.x: 0, C[6]: 0.000000 0.000000 0.000000 0.000000
threadIdx.x: 5, blockIdx.x: 0, C[6]: 0.000000 0.000000 0.000000 0.000000
threadIdx.x: 6, blockIdx.x: 0, C[6]: 0.000000 0.000000 0.000000 0.000000
threadIdx.x: 7, blockIdx.x: 0, C[6]: 0.000000 0.000000 0.000000 0.000000
threadIdx.x: 8, blockIdx.x: 0, C[6]: 0.000000 0.000000 0.000000 0.000000
threadIdx.x: 9, blockIdx.x: 0, C[6]: 0.000000 0.000000 0.000000 0.000000
threadIdx.x: 0, blockIdx.x: 0, C[7]: 0.000000 0.000000 0.000000 0.000000
threadIdx.x: 1, blockIdx.x: 0, C[7]: 0.000000 0.000000 0.000000 0.000000
threadIdx.x: 2, blockIdx.x: 0, C[7]: 0.000000 0.000000 0.000000 0.000000
threadIdx.x: 3, blockIdx.x: 0, C[7]: 0.000000 0.000000 0.000000 0.000000
threadIdx.x: 4, blockIdx.x: 0, C[7]: 0.000000 0.000000 0.000000 0.000000
threadIdx.x: 5, blockIdx.x: 0, C[7]: 0.000000 0.000000 0.000000 0.000000
threadIdx.x: 6, blockIdx.x: 0, C[7]: 0.000000 0.000000 0.000000 0.000000
threadIdx.x: 7, blockIdx.x: 0, C[7]: 0.000000 0.000000 0.000000 0.000000
threadIdx.x: 8, blockIdx.x: 0, C[7]: 0.000000 0.000000 0.000000 0.000000
threadIdx.x: 9, blockIdx.x: 0, C[7]: 0.000000 0.000000 0.000000 0.000000
threadIdx.x: 0, blockIdx.x: 0, C[8]: 1147.125000 1147.125000 1720.250000 1720.250000
threadIdx.x: 1, blockIdx.x: 0, C[8]: 1147.125000 1147.125000 1720.250000 1720.250000
threadIdx.x: 2, blockIdx.x: 0, C[8]: 1147.125000 1147.125000 1720.250000 1720.250000
threadIdx.x: 3, blockIdx.x: 0, C[8]: 1147.125000 1147.125000 1721.125000 1721.125000
threadIdx.x: 4, blockIdx.x: 0, C[8]: 1218.875000 1218.875000 1792.000000 1792.000000
threadIdx.x: 5, blockIdx.x: 0, C[8]: 1218.875000 1218.875000 1792.000000 1792.000000
threadIdx.x: 6, blockIdx.x: 0, C[8]: 1218.875000 1218.875000 1792.000000 1792.000000
threadIdx.x: 7, blockIdx.x: 0, C[8]: 1218.875000 1218.875000 1792.000000 1792.000000
threadIdx.x: 8, blockIdx.x: 0, C[8]: 1290.625000 1290.625000 1863.750000 1863.750000
threadIdx.x: 9, blockIdx.x: 0, C[8]: 1290.625000 1290.625000 1863.750000 1863.750000
threadIdx.x: 0, blockIdx.x: 0, C[9]: 1147.125000 1147.125000 1721.125000 1721.125000
threadIdx.x: 1, blockIdx.x: 0, C[9]: 1148.000000 1148.000000 1721.125000 1721.125000
threadIdx.x: 2, blockIdx.x: 0, C[9]: 1148.000000 1148.000000 1721.125000 1721.125000
threadIdx.x: 3, blockIdx.x: 0, C[9]: 1148.000000 1148.000000 1721.125000 1721.125000
threadIdx.x: 4, blockIdx.x: 0, C[9]: 1218.875000 1218.875000 1792.000000 1792.000000
threadIdx.x: 5, blockIdx.x: 0, C[9]: 1218.875000 1219.750000 1792.000000 1792.000000
threadIdx.x: 6, blockIdx.x: 0, C[9]: 1219.750000 1219.750000 1792.000000 1793.750000
threadIdx.x: 7, blockIdx.x: 0, C[9]: 1219.750000 1219.750000 1793.750000 1793.750000
threadIdx.x: 8, blockIdx.x: 0, C[9]: 1290.625000 1290.625000 1863.750000 1863.750000
threadIdx.x: 9, blockIdx.x: 0, C[9]: 1290.625000 1290.625000 1863.750000 1863.750000
threadIdx.x: 0, blockIdx.x: 0, C[10]: 0.000000 0.000000 0.000000 0.000000
threadIdx.x: 1, blockIdx.x: 0, C[10]: 0.000000 0.000000 0.000000 0.000000
threadIdx.x: 2, blockIdx.x: 0, C[10]: 0.000000 0.000000 0.000000 0.000000
threadIdx.x: 3, blockIdx.x: 0, C[10]: 0.000000 0.000000 0.000000 0.000000
threadIdx.x: 4, blockIdx.x: 0, C[10]: 0.000000 0.000000 0.000000 0.000000
threadIdx.x: 5, blockIdx.x: 0, C[10]: 0.000000 0.000000 0.000000 0.000000
threadIdx.x: 6, blockIdx.x: 0, C[10]: 0.000000 0.000000 0.000000 0.000000
threadIdx.x: 7, blockIdx.x: 0, C[10]: 0.000000 0.000000 0.000000 0.000000
threadIdx.x: 8, blockIdx.x: 0, C[10]: 0.000000 0.000000 0.000000 0.000000
threadIdx.x: 9, blockIdx.x: 0, C[10]: 0.000000 0.000000 0.000000 0.000000
threadIdx.x: 0, blockIdx.x: 0, C[11]: 0.000000 0.000000 0.000000 0.000000
threadIdx.x: 1, blockIdx.x: 0, C[11]: 0.000000 0.000000 0.000000 0.000000
threadIdx.x: 2, blockIdx.x: 0, C[11]: 0.000000 0.000000 0.000000 0.000000
threadIdx.x: 3, blockIdx.x: 0, C[11]: 0.000000 0.000000 0.000000 0.000000
threadIdx.x: 4, blockIdx.x: 0, C[11]: 0.000000 0.000000 0.000000 0.000000
threadIdx.x: 5, blockIdx.x: 0, C[11]: 0.000000 0.000000 0.000000 0.000000
threadIdx.x: 6, blockIdx.x: 0, C[11]: 0.000000 0.000000 0.000000 0.000000
threadIdx.x: 7, blockIdx.x: 0, C[11]: 0.000000 0.000000 0.000000 0.000000
threadIdx.x: 8, blockIdx.x: 0, C[11]: 0.000000 0.000000 0.000000 0.000000
threadIdx.x: 9, blockIdx.x: 0, C[11]: 0.000000 0.000000 0.000000 0.000000
threadIdx.x: 0, blockIdx.x: 0, C[12]: 1148.875000 1148.875000 1722.875000 1722.875000
threadIdx.x: 1, blockIdx.x: 0, C[12]: 1148.875000 1149.750000 1722.875000 1722.875000
threadIdx.x: 2, blockIdx.x: 0, C[12]: 1149.750000 1149.750000 1722.875000 1722.875000
threadIdx.x: 3, blockIdx.x: 0, C[12]: 1149.750000 1149.750000 1722.875000 1722.875000
threadIdx.x: 4, blockIdx.x: 0, C[12]: 1220.625000 1220.625000 1793.750000 1793.750000
threadIdx.x: 5, blockIdx.x: 0, C[12]: 1220.625000 1220.625000 1793.750000 1793.750000
threadIdx.x: 6, blockIdx.x: 0, C[12]: 1221.500000 1221.500000 1793.750000 1793.750000
threadIdx.x: 7, blockIdx.x: 0, C[12]: 1221.500000 1221.500000 1795.500000 1795.500000
threadIdx.x: 8, blockIdx.x: 0, C[12]: 1292.375000 1292.375000 1865.500000 1865.500000
threadIdx.x: 9, blockIdx.x: 0, C[12]: 1292.375000 1292.375000 1865.500000 1865.500000
threadIdx.x: 0, blockIdx.x: 0, C[13]: 1149.750000 1149.750000 1722.875000 1722.875000
threadIdx.x: 1, blockIdx.x: 0, C[13]: 1149.750000 1149.750000 1722.875000 1723.750000
threadIdx.x: 2, blockIdx.x: 0, C[13]: 1149.750000 1149.750000 1723.750000 1723.750000
threadIdx.x: 3, blockIdx.x: 0, C[13]: 1149.750000 1149.750000 1723.750000 1723.750000
threadIdx.x: 4, blockIdx.x: 0, C[13]: 1221.500000 1221.500000 1795.500000 1795.500000
threadIdx.x: 5, blockIdx.x: 0, C[13]: 1221.500000 1221.500000 1795.500000 1795.500000
threadIdx.x: 6, blockIdx.x: 0, C[13]: 1221.500000 1221.500000 1795.500000 1795.500000
threadIdx.x: 7, blockIdx.x: 0, C[13]: 1221.500000 1221.500000 1795.500000 1795.500000
threadIdx.x: 8, blockIdx.x: 0, C[13]: 1293.250000 1293.250000 1867.250000 1867.250000
threadIdx.x: 9, blockIdx.x: 0, C[13]: 1293.250000 1293.250000 1867.250000 1867.250000
threadIdx.x: 0, blockIdx.x: 0, C[14]: 0.000000 0.000000 0.000000 0.000000
threadIdx.x: 1, blockIdx.x: 0, C[14]: 0.000000 0.000000 0.000000 0.000000
threadIdx.x: 2, blockIdx.x: 0, C[14]: 0.000000 0.000000 0.000000 0.000000
threadIdx.x: 3, blockIdx.x: 0, C[14]: 0.000000 0.000000 0.000000 0.000000
threadIdx.x: 4, blockIdx.x: 0, C[14]: 0.000000 0.000000 0.000000 0.000000
threadIdx.x: 5, blockIdx.x: 0, C[14]: 0.000000 0.000000 0.000000 0.000000
threadIdx.x: 6, blockIdx.x: 0, C[14]: 0.000000 0.000000 0.000000 0.000000
threadIdx.x: 7, blockIdx.x: 0, C[14]: 0.000000 0.000000 0.000000 0.000000
threadIdx.x: 8, blockIdx.x: 0, C[14]: 0.000000 0.000000 0.000000 0.000000
threadIdx.x: 9, blockIdx.x: 0, C[14]: 0.000000 0.000000 0.000000 0.000000
threadIdx.x: 0, blockIdx.x: 0, C[15]: 0.000000 0.000000 0.000000 0.000000
threadIdx.x: 1, blockIdx.x: 0, C[15]: 0.000000 0.000000 0.000000 0.000000
threadIdx.x: 2, blockIdx.x: 0, C[15]: 0.000000 0.000000 0.000000 0.000000
threadIdx.x: 3, blockIdx.x: 0, C[15]: 0.000000 0.000000 0.000000 0.000000
threadIdx.x: 4, blockIdx.x: 0, C[15]: 0.000000 0.000000 0.000000 0.000000
threadIdx.x: 5, blockIdx.x: 0, C[15]: 0.000000 0.000000 0.000000 0.000000
threadIdx.x: 6, blockIdx.x: 0, C[15]: 0.000000 0.000000 0.000000 0.000000
threadIdx.x: 7, blockIdx.x: 0, C[15]: 0.000000 0.000000 0.000000 0.000000
threadIdx.x: 8, blockIdx.x: 0, C[15]: 0.000000 0.000000 0.000000 0.000000
threadIdx.x: 9, blockIdx.x: 0, C[15]: 0.000000 0.000000 0.000000 0.000000
threadIdx.x: 0, blockIdx.x: 0, C[16]: 4515.000000 4515.000000 -0.743408 28.273438
threadIdx.x: 1, blockIdx.x: 0, C[16]: 4515.000000 4515.000000 -0.743408 28.273438
threadIdx.x: 2, blockIdx.x: 0, C[16]: 4515.000000 4515.000000 -0.743408 28.273438
threadIdx.x: 3, blockIdx.x: 0, C[16]: 4515.000000 4515.000000 -0.743408 28.273438
threadIdx.x: 4, blockIdx.x: 0, C[16]: -0.458008 26.140625 0.043259 26.263672
threadIdx.x: 5, blockIdx.x: 0, C[16]: -0.458008 26.140625 0.043259 26.263672
threadIdx.x: 6, blockIdx.x: 0, C[16]: -0.458008 26.140625 0.043259 26.263672
threadIdx.x: 7, blockIdx.x: 0, C[16]: -0.458008 26.140625 0.043259 26.263672
threadIdx.x: 8, blockIdx.x: 0, C[16]: 0.000000 0.000000 0.000000 0.000000
threadIdx.x: 9, blockIdx.x: 0, C[16]: 0.000000 0.000000 0.000000 0.000000
threadIdx.x: 0, blockIdx.x: 0, C[17]: 4515.000000 4515.000000 -0.743408 28.273438
threadIdx.x: 1, blockIdx.x: 0, C[17]: 4515.000000 4515.000000 -0.743408 28.273438
threadIdx.x: 2, blockIdx.x: 0, C[17]: 4515.000000 4515.000000 -0.743408 28.273438
threadIdx.x: 3, blockIdx.x: 0, C[17]: 4518.500000 4518.500000 -0.743408 28.273438
threadIdx.x: 4, blockIdx.x: 0, C[17]: -0.458008 26.140625 0.043259 26.263672
threadIdx.x: 5, blockIdx.x: 0, C[17]: -0.458008 26.140625 0.043259 26.263672
threadIdx.x: 6, blockIdx.x: 0, C[17]: -0.458008 26.140625 0.043259 26.263672
threadIdx.x: 7, blockIdx.x: 0, C[17]: -0.458008 26.140625 0.043259 26.263672
threadIdx.x: 8, blockIdx.x: 0, C[17]: 0.000000 0.000000 0.000000 0.000000
threadIdx.x: 9, blockIdx.x: 0, C[17]: 0.000000 0.000000 0.000000 0.000000
threadIdx.x: 0, blockIdx.x: 0, C[18]: 0.000000 0.000000 0.000000 0.000000
threadIdx.x: 1, blockIdx.x: 0, C[18]: 0.000000 0.000000 0.000000 0.000000
threadIdx.x: 2, blockIdx.x: 0, C[18]: 0.000000 0.000000 0.000000 0.000000
threadIdx.x: 3, blockIdx.x: 0, C[18]: 0.000000 0.000000 0.000000 0.000000
threadIdx.x: 4, blockIdx.x: 0, C[18]: 0.000000 0.000000 0.000000 0.000000
threadIdx.x: 5, blockIdx.x: 0, C[18]: 0.000000 0.000000 0.000000 0.000000
threadIdx.x: 6, blockIdx.x: 0, C[18]: 0.000000 0.000000 0.000000 0.000000
threadIdx.x: 7, blockIdx.x: 0, C[18]: 0.000000 0.000000 0.000000 0.000000
threadIdx.x: 8, blockIdx.x: 0, C[18]: 0.000000 0.000000 0.000000 0.000000
threadIdx.x: 9, blockIdx.x: 0, C[18]: 0.000000 0.000000 0.000000 0.000000
threadIdx.x: 0, blockIdx.x: 0, C[19]: 0.000000 0.000000 0.000000 0.000000
threadIdx.x: 1, blockIdx.x: 0, C[19]: 0.000000 0.000000 0.000000 0.000000
threadIdx.x: 2, blockIdx.x: 0, C[19]: 0.000000 0.000000 0.000000 0.000000
threadIdx.x: 3, blockIdx.x: 0, C[19]: 0.000000 0.000000 0.000000 0.000000
threadIdx.x: 4, blockIdx.x: 0, C[19]: 0.000000 0.000000 0.000000 0.000000
threadIdx.x: 5, blockIdx.x: 0, C[19]: 0.000000 0.000000 0.000000 0.000000
threadIdx.x: 6, blockIdx.x: 0, C[19]: 0.000000 0.000000 0.000000 0.000000
threadIdx.x: 7, blockIdx.x: 0, C[19]: 0.000000 0.000000 0.000000 0.000000
threadIdx.x: 8, blockIdx.x: 0, C[19]: 0.000000 0.000000 0.000000 0.000000
threadIdx.x: 9, blockIdx.x: 0, C[19]: 0.000000 0.000000 0.000000 0.000000
threadIdx.x: 0, blockIdx.x: 0, C[20]: 4518.500000 4518.500000 0.000050 26.263672
threadIdx.x: 1, blockIdx.x: 0, C[20]: 4518.500000 4518.500000 0.000050 26.263672
threadIdx.x: 2, blockIdx.x: 0, C[20]: 4518.500000 4518.500000 0.000050 26.263672
threadIdx.x: 3, blockIdx.x: 0, C[20]: 4518.500000 4518.500000 0.000050 26.263672
threadIdx.x: 4, blockIdx.x: 0, C[20]: 0.000000 0.000000 0.000000 0.000000
threadIdx.x: 5, blockIdx.x: 0, C[20]: 0.000000 0.000000 0.000000 0.000000
threadIdx.x: 6, blockIdx.x: 0, C[20]: 0.000000 0.000000 0.000000 0.000000
threadIdx.x: 7, blockIdx.x: 0, C[20]: 0.000000 0.000000 0.000000 0.000000
threadIdx.x: 8, blockIdx.x: 0, C[20]: -0.004219 28.273438 -10976.000000 28.328125
threadIdx.x: 9, blockIdx.x: 0, C[20]: -0.004219 28.273438 -10976.000000 28.328125
threadIdx.x: 0, blockIdx.x: 0, C[21]: 4518.500000 4518.500000 0.000050 26.263672
threadIdx.x: 1, blockIdx.x: 0, C[21]: 4518.500000 4518.500000 0.000050 26.263672
threadIdx.x: 2, blockIdx.x: 0, C[21]: 4518.500000 4518.500000 0.000050 26.263672
threadIdx.x: 3, blockIdx.x: 0, C[21]: 4518.500000 4518.500000 0.043259 26.263672
threadIdx.x: 4, blockIdx.x: 0, C[21]: 0.000000 0.000000 0.000000 0.000000
threadIdx.x: 5, blockIdx.x: 0, C[21]: 0.000000 0.000000 0.000000 0.000000
threadIdx.x: 6, blockIdx.x: 0, C[21]: 0.000000 0.000000 0.000000 0.000000
threadIdx.x: 7, blockIdx.x: 0, C[21]: 0.000000 0.000000 0.000000 0.000000
threadIdx.x: 8, blockIdx.x: 0, C[21]: -0.004219 28.273438 0.000426 28.355469
threadIdx.x: 9, blockIdx.x: 0, C[21]: -0.004219 28.273438 0.000426 28.355469
threadIdx.x: 0, blockIdx.x: 0, C[22]: 0.000000 0.000000 0.000000 0.000000
threadIdx.x: 1, blockIdx.x: 0, C[22]: 0.000000 0.000000 0.000000 0.000000
threadIdx.x: 2, blockIdx.x: 0, C[22]: 0.000000 0.000000 0.000000 0.000000
threadIdx.x: 3, blockIdx.x: 0, C[22]: 0.000000 0.000000 0.000000 0.000000
threadIdx.x: 4, blockIdx.x: 0, C[22]: 0.000000 0.000000 0.000000 0.000000
threadIdx.x: 5, blockIdx.x: 0, C[22]: 0.000000 0.000000 0.000000 0.000000
threadIdx.x: 6, blockIdx.x: 0, C[22]: 0.000000 0.000000 0.000000 0.000000
threadIdx.x: 7, blockIdx.x: 0, C[22]: 0.000000 0.000000 0.000000 0.000000
threadIdx.x: 8, blockIdx.x: 0, C[22]: 0.000000 0.000000 0.000000 0.000000
threadIdx.x: 9, blockIdx.x: 0, C[22]: 0.000000 0.000000 0.000000 0.000000
threadIdx.x: 0, blockIdx.x: 0, C[23]: 0.000000 0.000000 0.000000 0.000000
threadIdx.x: 1, blockIdx.x: 0, C[23]: 0.000000 0.000000 0.000000 0.000000
threadIdx.x: 2, blockIdx.x: 0, C[23]: 0.000000 0.000000 0.000000 0.000000
threadIdx.x: 3, blockIdx.x: 0, C[23]: 0.000000 0.000000 0.000000 0.000000
threadIdx.x: 4, blockIdx.x: 0, C[23]: 0.000000 0.000000 0.000000 0.000000
threadIdx.x: 5, blockIdx.x: 0, C[23]: 0.000000 0.000000 0.000000 0.000000
threadIdx.x: 6, blockIdx.x: 0, C[23]: 0.000000 0.000000 0.000000 0.000000
threadIdx.x: 7, blockIdx.x: 0, C[23]: 0.000000 0.000000 0.000000 0.000000
threadIdx.x: 8, blockIdx.x: 0, C[23]: 0.000000 0.000000 0.000000 0.000000
threadIdx.x: 9, blockIdx.x: 0, C[23]: 0.000000 0.000000 0.000000 0.000000
threadIdx.x: 0, blockIdx.x: 0, C[24]: 0.000426 28.355469 0.000000 0.000000
threadIdx.x: 1, blockIdx.x: 0, C[24]: 0.000426 28.355469 0.000000 0.000000
threadIdx.x: 2, blockIdx.x: 0, C[24]: 0.000426 28.355469 0.000000 0.000000
threadIdx.x: 3, blockIdx.x: 0, C[24]: 0.079895 28.355469 0.000000 0.000000
threadIdx.x: 4, blockIdx.x: 0, C[24]: 0.000000 0.000000 0.000000 0.000000
threadIdx.x: 5, blockIdx.x: 0, C[24]: 0.000000 0.000000 0.000000 0.000000
threadIdx.x: 6, blockIdx.x: 0, C[24]: 0.000000 0.000000 0.000000 0.000000
threadIdx.x: 7, blockIdx.x: 0, C[24]: 0.000000 0.000000 0.000000 0.000000
threadIdx.x: 8, blockIdx.x: 0, C[24]: 0.000000 0.000000 0.000000 0.000000
threadIdx.x: 9, blockIdx.x: 0, C[24]: 0.000000 0.000000 0.000000 0.000000
threadIdx.x: 0, blockIdx.x: 0, C[25]: 0.079895 28.355469 0.000000 0.000000
threadIdx.x: 1, blockIdx.x: 0, C[25]: 0.079895 28.355469 0.000000 0.000000
threadIdx.x: 2, blockIdx.x: 0, C[25]: 0.079895 28.355469 0.000000 0.000000
threadIdx.x: 3, blockIdx.x: 0, C[25]: 0.079895 28.355469 0.000000 0.000000
threadIdx.x: 4, blockIdx.x: 0, C[25]: 0.000000 0.000000 0.000000 0.000000
threadIdx.x: 5, blockIdx.x: 0, C[25]: 0.000000 0.000000 0.000000 0.000000
threadIdx.x: 6, blockIdx.x: 0, C[25]: 0.000000 0.000000 0.000000 0.000000
threadIdx.x: 7, blockIdx.x: 0, C[25]: 0.000000 0.000000 0.000000 0.000000
threadIdx.x: 8, blockIdx.x: 0, C[25]: 0.000000 0.000000 0.000000 0.000000
threadIdx.x: 9, blockIdx.x: 0, C[25]: 0.000000 0.000000 0.000000 0.000000
threadIdx.x: 0, blockIdx.x: 0, C[26]: 0.000000 0.000000 0.000000 0.000000
threadIdx.x: 1, blockIdx.x: 0, C[26]: 0.000000 0.000000 0.000000 0.000000
threadIdx.x: 2, blockIdx.x: 0, C[26]: 0.000000 0.000000 0.000000 0.000000
threadIdx.x: 3, blockIdx.x: 0, C[26]: 0.000000 0.000000 0.000000 0.000000
threadIdx.x: 4, blockIdx.x: 0, C[26]: 0.000000 0.000000 0.000000 0.000000
threadIdx.x: 5, blockIdx.x: 0, C[26]: 0.000000 0.000000 0.000000 0.000000
threadIdx.x: 6, blockIdx.x: 0, C[26]: 0.000000 0.000000 0.000000 0.000000
threadIdx.x: 7, blockIdx.x: 0, C[26]: 0.000000 0.000000 0.000000 0.000000
threadIdx.x: 8, blockIdx.x: 0, C[26]: 0.000000 0.000000 0.000000 0.000000
threadIdx.x: 9, blockIdx.x: 0, C[26]: 0.000000 0.000000 0.000000 0.000000
threadIdx.x: 0, blockIdx.x: 0, C[27]: 0.000000 0.000000 0.000000 0.000000
threadIdx.x: 1, blockIdx.x: 0, C[27]: 0.000000 0.000000 0.000000 0.000000
threadIdx.x: 2, blockIdx.x: 0, C[27]: 0.000000 0.000000 0.000000 0.000000
threadIdx.x: 3, blockIdx.x: 0, C[27]: 0.000000 0.000000 0.000000 0.000000
threadIdx.x: 4, blockIdx.x: 0, C[27]: 0.000000 0.000000 0.000000 0.000000
threadIdx.x: 5, blockIdx.x: 0, C[27]: 0.000000 0.000000 0.000000 0.000000
threadIdx.x: 6, blockIdx.x: 0, C[27]: 0.000000 0.000000 0.000000 0.000000
threadIdx.x: 7, blockIdx.x: 0, C[27]: 0.000000 0.000000 0.000000 0.000000
threadIdx.x: 8, blockIdx.x: 0, C[27]: 0.000000 0.000000 0.000000 0.000000
threadIdx.x: 9, blockIdx.x: 0, C[27]: 0.000000 0.000000 0.000000 0.000000
threadIdx.x: 0, blockIdx.x: 0, C[28]: 0.000000 0.000000 0.000000 0.000000
threadIdx.x: 1, blockIdx.x: 0, C[28]: 0.000000 0.000000 0.000000 0.000000
threadIdx.x: 2, blockIdx.x: 0, C[28]: 0.000000 0.000000 0.000000 0.000000
threadIdx.x: 3, blockIdx.x: 0, C[28]: 0.000000 0.000000 0.000000 0.000000
threadIdx.x: 4, blockIdx.x: 0, C[28]: 0.000000 0.000000 0.000000 0.000000
threadIdx.x: 5, blockIdx.x: 0, C[28]: 0.000000 0.000000 0.000000 0.000000
threadIdx.x: 6, blockIdx.x: 0, C[28]: 0.000000 0.000000 0.000000 0.000000
threadIdx.x: 7, blockIdx.x: 0, C[28]: 0.000000 0.000000 0.000000 0.000000
threadIdx.x: 8, blockIdx.x: 0, C[28]: 0.000000 0.000000 0.000000 0.000000
threadIdx.x: 9, blockIdx.x: 0, C[28]: 0.000000 0.000000 0.000000 0.000000
threadIdx.x: 0, blockIdx.x: 0, C[29]: 0.000000 0.000000 0.000000 0.000000
threadIdx.x: 1, blockIdx.x: 0, C[29]: 0.000000 0.000000 0.000000 0.000000
threadIdx.x: 2, blockIdx.x: 0, C[29]: 0.000000 0.000000 0.000000 0.000000
threadIdx.x: 3, blockIdx.x: 0, C[29]: 0.000000 0.000000 0.000000 0.000000
threadIdx.x: 4, blockIdx.x: 0, C[29]: 0.000000 0.000000 0.000000 0.000000
threadIdx.x: 5, blockIdx.x: 0, C[29]: 0.000000 0.000000 0.000000 0.000000
threadIdx.x: 6, blockIdx.x: 0, C[29]: 0.000000 0.000000 0.000000 0.000000
threadIdx.x: 7, blockIdx.x: 0, C[29]: 0.000000 0.000000 0.000000 0.000000
threadIdx.x: 8, blockIdx.x: 0, C[29]: 0.000000 0.000000 0.000000 0.000000
threadIdx.x: 9, blockIdx.x: 0, C[29]: 0.000000 0.000000 0.000000 0.000000
threadIdx.x: 0, blockIdx.x: 0, C[30]: 0.000000 0.000000 0.000000 0.000000
threadIdx.x: 1, blockIdx.x: 0, C[30]: 0.000000 0.000000 0.000000 0.000000
threadIdx.x: 2, blockIdx.x: 0, C[30]: 0.000000 0.000000 0.000000 0.000000
threadIdx.x: 3, blockIdx.x: 0, C[30]: 0.000000 0.000000 0.000000 0.000000
threadIdx.x: 4, blockIdx.x: 0, C[30]: 0.000000 0.000000 0.000000 0.000000
threadIdx.x: 5, blockIdx.x: 0, C[30]: 0.000000 0.000000 0.000000 0.000000
threadIdx.x: 6, blockIdx.x: 0, C[30]: 0.000000 0.000000 0.000000 0.000000
threadIdx.x: 7, blockIdx.x: 0, C[30]: 0.000000 0.000000 0.000000 0.000000
threadIdx.x: 8, blockIdx.x: 0, C[30]: 0.000000 0.000000 0.000000 0.000000
threadIdx.x: 9, blockIdx.x: 0, C[30]: 0.000000 0.000000 0.000000 0.000000
threadIdx.x: 0, blockIdx.x: 0, C[31]: 0.000000 0.000000 0.000000 0.000000
threadIdx.x: 1, blockIdx.x: 0, C[31]: 0.000000 0.000000 0.000000 0.000000
threadIdx.x: 2, blockIdx.x: 0, C[31]: 0.000000 0.000000 0.000000 0.000000
threadIdx.x: 3, blockIdx.x: 0, C[31]: 0.000000 0.000000 0.000000 0.000000
threadIdx.x: 4, blockIdx.x: 0, C[31]: 0.000000 0.000000 0.000000 0.000000
threadIdx.x: 5, blockIdx.x: 0, C[31]: 0.000000 0.000000 0.000000 0.000000
threadIdx.x: 6, blockIdx.x: 0, C[31]: 0.000000 0.000000 0.000000 0.000000
threadIdx.x: 7, blockIdx.x: 0, C[31]: 0.000000 0.000000 0.000000 0.000000
threadIdx.x: 8, blockIdx.x: 0, C[31]: 0.000000 0.000000 0.000000 0.000000
threadIdx.x: 9, blockIdx.x: 0, C[31]: 0.000000 0.000000 0.000000 0.000000
threadIdx.x: 0, blockIdx.x: 0, C[0]: 2294.250000 2294.250000 2866.500000 2866.500000
threadIdx.x: 1, blockIdx.x: 0, C[0]: 2294.250000 2294.250000 2866.500000 2868.250000
threadIdx.x: 2, blockIdx.x: 0, C[0]: 2294.250000 2294.250000 2868.250000 2868.250000
threadIdx.x: 3, blockIdx.x: 0, C[0]: 2294.250000 2294.250000 2868.250000 2868.250000
threadIdx.x: 4, blockIdx.x: 0, C[0]: 2366.000000 2366.000000 2938.250000 2938.250000
threadIdx.x: 5, blockIdx.x: 0, C[0]: 2366.000000 2366.000000 2938.250000 2938.250000
threadIdx.x: 6, blockIdx.x: 0, C[0]: 2366.000000 2366.000000 2940.000000 2940.000000
threadIdx.x: 7, blockIdx.x: 0, C[0]: 2366.000000 2366.000000 2940.000000 2940.000000
threadIdx.x: 8, blockIdx.x: 0, C[0]: 2437.750000 2437.750000 3010.000000 3010.000000
threadIdx.x: 9, blockIdx.x: 0, C[0]: 2437.750000 2437.750000 3010.000000 3010.000000
threadIdx.x: 0, blockIdx.x: 0, C[1]: 2294.250000 2294.250000 2868.250000 2868.250000
threadIdx.x: 1, blockIdx.x: 0, C[1]: 2294.250000 2294.250000 2868.250000 2868.250000
threadIdx.x: 2, blockIdx.x: 0, C[1]: 2294.250000 2294.250000 2868.250000 2868.250000
threadIdx.x: 3, blockIdx.x: 0, C[1]: 2294.250000 2294.250000 2868.250000 2868.250000
threadIdx.x: 4, blockIdx.x: 0, C[1]: 2366.000000 2366.000000 2940.000000 2940.000000
threadIdx.x: 5, blockIdx.x: 0, C[1]: 2366.000000 2366.000000 2940.000000 2940.000000
threadIdx.x: 6, blockIdx.x: 0, C[1]: 2366.000000 2366.000000 2940.000000 2940.000000
threadIdx.x: 7, blockIdx.x: 0, C[1]: 2366.000000 2366.000000 2940.000000 2940.000000
threadIdx.x: 8, blockIdx.x: 0, C[1]: 2437.750000 2437.750000 3011.750000 3011.750000
threadIdx.x: 9, blockIdx.x: 0, C[1]: 2437.750000 2437.750000 3011.750000 3011.750000
threadIdx.x: 0, blockIdx.x: 0, C[2]: 0.000000 0.000000 0.000000 0.000000
threadIdx.x: 1, blockIdx.x: 0, C[2]: 0.000000 0.000000 0.000000 0.000000
threadIdx.x: 2, blockIdx.x: 0, C[2]: 0.000000 0.000000 0.000000 0.000000
threadIdx.x: 3, blockIdx.x: 0, C[2]: 0.000000 0.000000 0.000000 0.000000
threadIdx.x: 4, blockIdx.x: 0, C[2]: 0.000000 0.000000 0.000000 0.000000
threadIdx.x: 5, blockIdx.x: 0, C[2]: 0.000000 0.000000 0.000000 0.000000
threadIdx.x: 6, blockIdx.x: 0, C[2]: 0.000000 0.000000 0.000000 0.000000
threadIdx.x: 7, blockIdx.x: 0, C[2]: 0.000000 0.000000 0.000000 0.000000
threadIdx.x: 8, blockIdx.x: 0, C[2]: 0.000000 0.000000 0.000000 0.000000
threadIdx.x: 9, blockIdx.x: 0, C[2]: 0.000000 0.000000 0.000000 0.000000
threadIdx.x: 0, blockIdx.x: 0, C[3]: 0.000000 0.000000 0.000000 0.000000
threadIdx.x: 1, blockIdx.x: 0, C[3]: 0.000000 0.000000 0.000000 0.000000
threadIdx.x: 2, blockIdx.x: 0, C[3]: 0.000000 0.000000 0.000000 0.000000
threadIdx.x: 3, blockIdx.x: 0, C[3]: 0.000000 0.000000 0.000000 0.000000
threadIdx.x: 4, blockIdx.x: 0, C[3]: 0.000000 0.000000 0.000000 0.000000
threadIdx.x: 5, blockIdx.x: 0, C[3]: 0.000000 0.000000 0.000000 0.000000
threadIdx.x: 6, blockIdx.x: 0, C[3]: 0.000000 0.000000 0.000000 0.000000
threadIdx.x: 7, blockIdx.x: 0, C[3]: 0.000000 0.000000 0.000000 0.000000
threadIdx.x: 8, blockIdx.x: 0, C[3]: 0.000000 0.000000 0.000000 0.000000
threadIdx.x: 9, blockIdx.x: 0, C[3]: 0.000000 0.000000 0.000000 0.000000
threadIdx.x: 0, blockIdx.x: 0, C[4]: 2296.000000 2296.000000 2870.000000 2870.000000
threadIdx.x: 1, blockIdx.x: 0, C[4]: 2296.000000 2296.000000 2870.000000 2870.000000
threadIdx.x: 2, blockIdx.x: 0, C[4]: 2296.000000 2296.000000 2870.000000 2870.000000
threadIdx.x: 3, blockIdx.x: 0, C[4]: 2296.000000 2296.000000 2870.000000 2870.000000
threadIdx.x: 4, blockIdx.x: 0, C[4]: 2367.750000 2367.750000 2941.750000 2941.750000
threadIdx.x: 5, blockIdx.x: 0, C[4]: 2367.750000 2367.750000 2941.750000 2941.750000
threadIdx.x: 6, blockIdx.x: 0, C[4]: 2367.750000 2367.750000 2941.750000 2941.750000
threadIdx.x: 7, blockIdx.x: 0, C[4]: 2367.750000 2367.750000 2941.750000 2941.750000
threadIdx.x: 8, blockIdx.x: 0, C[4]: 2439.500000 2439.500000 3013.500000 3013.500000
threadIdx.x: 9, blockIdx.x: 0, C[4]: 2439.500000 2439.500000 3013.500000 3013.500000
threadIdx.x: 0, blockIdx.x: 0, C[5]: 2296.000000 2296.000000 2870.000000 2870.000000
threadIdx.x: 1, blockIdx.x: 0, C[5]: 2296.000000 2296.000000 2870.000000 2870.000000
threadIdx.x: 2, blockIdx.x: 0, C[5]: 2296.000000 2297.750000 2870.000000 2870.000000
threadIdx.x: 3, blockIdx.x: 0, C[5]: 2297.750000 2297.750000 2870.000000 2870.000000
threadIdx.x: 4, blockIdx.x: 0, C[5]: 2367.750000 2367.750000 2941.750000 2941.750000
threadIdx.x: 5, blockIdx.x: 0, C[5]: 2367.750000 2367.750000 2941.750000 2941.750000
threadIdx.x: 6, blockIdx.x: 0, C[5]: 2367.750000 2367.750000 2941.750000 2941.750000
threadIdx.x: 7, blockIdx.x: 0, C[5]: 2369.500000 2369.500000 2941.750000 2941.750000
threadIdx.x: 8, blockIdx.x: 0, C[5]: 2439.500000 2439.500000 3013.500000 3013.500000
threadIdx.x: 9, blockIdx.x: 0, C[5]: 2439.500000 2439.500000 3013.500000 3013.500000
threadIdx.x: 0, blockIdx.x: 0, C[6]: 0.000000 0.000000 0.000000 0.000000
threadIdx.x: 1, blockIdx.x: 0, C[6]: 0.000000 0.000000 0.000000 0.000000
threadIdx.x: 2, blockIdx.x: 0, C[6]: 0.000000 0.000000 0.000000 0.000000
threadIdx.x: 3, blockIdx.x: 0, C[6]: 0.000000 0.000000 0.000000 0.000000
threadIdx.x: 4, blockIdx.x: 0, C[6]: 0.000000 0.000000 0.000000 0.000000
threadIdx.x: 5, blockIdx.x: 0, C[6]: 0.000000 0.000000 0.000000 0.000000
threadIdx.x: 6, blockIdx.x: 0, C[6]: 0.000000 0.000000 0.000000 0.000000
threadIdx.x: 7, blockIdx.x: 0, C[6]: 0.000000 0.000000 0.000000 0.000000
threadIdx.x: 8, blockIdx.x: 0, C[6]: 0.000000 0.000000 0.000000 0.000000
threadIdx.x: 9, blockIdx.x: 0, C[6]: 0.000000 0.000000 0.000000 0.000000
threadIdx.x: 0, blockIdx.x: 0, C[7]: 0.000000 0.000000 0.000000 0.000000
threadIdx.x: 1, blockIdx.x: 0, C[7]: 0.000000 0.000000 0.000000 0.000000
threadIdx.x: 2, blockIdx.x: 0, C[7]: 0.000000 0.000000 0.000000 0.000000
threadIdx.x: 3, blockIdx.x: 0, C[7]: 0.000000 0.000000 0.000000 0.000000
threadIdx.x: 4, blockIdx.x: 0, C[7]: 0.000000 0.000000 0.000000 0.000000
threadIdx.x: 5, blockIdx.x: 0, C[7]: 0.000000 0.000000 0.000000 0.000000
threadIdx.x: 6, blockIdx.x: 0, C[7]: 0.000000 0.000000 0.000000 0.000000
threadIdx.x: 7, blockIdx.x: 0, C[7]: 0.000000 0.000000 0.000000 0.000000
threadIdx.x: 8, blockIdx.x: 0, C[7]: 0.000000 0.000000 0.000000 0.000000
threadIdx.x: 9, blockIdx.x: 0, C[7]: 0.000000 0.000000 0.000000 0.000000
threadIdx.x: 0, blockIdx.x: 0, C[8]: 3440.500000 3440.500000 4014.500000 4014.500000
threadIdx.x: 1, blockIdx.x: 0, C[8]: 3440.500000 3440.500000 4014.500000 4014.500000
threadIdx.x: 2, blockIdx.x: 0, C[8]: 3440.500000 3440.500000 4014.500000 4014.500000
threadIdx.x: 3, blockIdx.x: 0, C[8]: 3440.500000 3440.500000 4014.500000 4014.500000
threadIdx.x: 4, blockIdx.x: 0, C[8]: 3512.250000 3512.250000 4084.500000 4084.500000
threadIdx.x: 5, blockIdx.x: 0, C[8]: 3512.250000 3512.250000 4084.500000 4084.500000
threadIdx.x: 6, blockIdx.x: 0, C[8]: 3512.250000 3512.250000 4084.500000 4084.500000
threadIdx.x: 7, blockIdx.x: 0, C[8]: 3512.250000 3512.250000 4084.500000 4088.000000
threadIdx.x: 8, blockIdx.x: 0, C[8]: 3584.000000 3584.000000 4158.000000 4158.000000
threadIdx.x: 9, blockIdx.x: 0, C[8]: 3584.000000 3584.000000 4158.000000 4158.000000
threadIdx.x: 0, blockIdx.x: 0, C[9]: 3440.500000 3440.500000 4014.500000 4014.500000
threadIdx.x: 1, blockIdx.x: 0, C[9]: 3440.500000 3442.250000 4014.500000 4014.500000
threadIdx.x: 2, blockIdx.x: 0, C[9]: 3442.250000 3442.250000 4014.500000 4014.500000
threadIdx.x: 3, blockIdx.x: 0, C[9]: 3442.250000 3442.250000 4014.500000 4014.500000
threadIdx.x: 4, blockIdx.x: 0, C[9]: 3512.250000 3512.250000 4088.000000 4088.000000
threadIdx.x: 5, blockIdx.x: 0, C[9]: 3512.250000 3512.250000 4088.000000 4088.000000
threadIdx.x: 6, blockIdx.x: 0, C[9]: 3514.000000 3514.000000 4088.000000 4088.000000
threadIdx.x: 7, blockIdx.x: 0, C[9]: 3514.000000 3514.000000 4088.000000 4088.000000
threadIdx.x: 8, blockIdx.x: 0, C[9]: 3584.000000 3584.000000 4158.000000 4158.000000
threadIdx.x: 9, blockIdx.x: 0, C[9]: 3584.000000 3584.000000 4158.000000 4158.000000
threadIdx.x: 0, blockIdx.x: 0, C[10]: 0.000000 0.000000 0.000000 0.000000
threadIdx.x: 1, blockIdx.x: 0, C[10]: 0.000000 0.000000 0.000000 0.000000
threadIdx.x: 2, blockIdx.x: 0, C[10]: 0.000000 0.000000 0.000000 0.000000
threadIdx.x: 3, blockIdx.x: 0, C[10]: 0.000000 0.000000 0.000000 0.000000
threadIdx.x: 4, blockIdx.x: 0, C[10]: 0.000000 0.000000 0.000000 0.000000
threadIdx.x: 5, blockIdx.x: 0, C[10]: 0.000000 0.000000 0.000000 0.000000
threadIdx.x: 6, blockIdx.x: 0, C[10]: 0.000000 0.000000 0.000000 0.000000
threadIdx.x: 7, blockIdx.x: 0, C[10]: 0.000000 0.000000 0.000000 0.000000
threadIdx.x: 8, blockIdx.x: 0, C[10]: 0.000000 0.000000 0.000000 0.000000
threadIdx.x: 9, blockIdx.x: 0, C[10]: 0.000000 0.000000 0.000000 0.000000
threadIdx.x: 0, blockIdx.x: 0, C[11]: 0.000000 0.000000 0.000000 0.000000
threadIdx.x: 1, blockIdx.x: 0, C[11]: 0.000000 0.000000 0.000000 0.000000
threadIdx.x: 2, blockIdx.x: 0, C[11]: 0.000000 0.000000 0.000000 0.000000
threadIdx.x: 3, blockIdx.x: 0, C[11]: 0.000000 0.000000 0.000000 0.000000
threadIdx.x: 4, blockIdx.x: 0, C[11]: 0.000000 0.000000 0.000000 0.000000
threadIdx.x: 5, blockIdx.x: 0, C[11]: 0.000000 0.000000 0.000000 0.000000
threadIdx.x: 6, blockIdx.x: 0, C[11]: 0.000000 0.000000 0.000000 0.000000
threadIdx.x: 7, blockIdx.x: 0, C[11]: 0.000000 0.000000 0.000000 0.000000
threadIdx.x: 8, blockIdx.x: 0, C[11]: 0.000000 0.000000 0.000000 0.000000
threadIdx.x: 9, blockIdx.x: 0, C[11]: 0.000000 0.000000 0.000000 0.000000
threadIdx.x: 0, blockIdx.x: 0, C[12]: 3442.250000 3442.250000 4018.000000 4018.000000
threadIdx.x: 1, blockIdx.x: 0, C[12]: 3442.250000 3442.250000 4018.000000 4018.000000
threadIdx.x: 2, blockIdx.x: 0, C[12]: 3444.000000 3444.000000 4018.000000 4018.000000
threadIdx.x: 3, blockIdx.x: 0, C[12]: 3444.000000 3444.000000 4018.000000 4018.000000
threadIdx.x: 4, blockIdx.x: 0, C[12]: 3514.000000 3514.000000 4088.000000 4088.000000
threadIdx.x: 5, blockIdx.x: 0, C[12]: 3514.000000 3514.000000 4088.000000 4088.000000
threadIdx.x: 6, blockIdx.x: 0, C[12]: 3514.000000 3515.750000 4088.000000 4088.000000
threadIdx.x: 7, blockIdx.x: 0, C[12]: 3515.750000 3515.750000 4088.000000 4088.000000
threadIdx.x: 8, blockIdx.x: 0, C[12]: 3587.500000 3587.500000 4158.000000 4158.000000
threadIdx.x: 9, blockIdx.x: 0, C[12]: 3587.500000 3587.500000 4161.500000 4161.500000
threadIdx.x: 0, blockIdx.x: 0, C[13]: 3444.000000 3444.000000 4018.000000 4018.000000
threadIdx.x: 1, blockIdx.x: 0, C[13]: 3444.000000 3444.000000 4018.000000 4018.000000
threadIdx.x: 2, blockIdx.x: 0, C[13]: 3444.000000 3444.000000 4018.000000 4018.000000
threadIdx.x: 3, blockIdx.x: 0, C[13]: 3444.000000 3444.000000 4018.000000 4018.000000
threadIdx.x: 4, blockIdx.x: 0, C[13]: 3515.750000 3515.750000 4088.000000 4088.000000
threadIdx.x: 5, blockIdx.x: 0, C[13]: 3515.750000 3515.750000 4088.000000 4088.000000
threadIdx.x: 6, blockIdx.x: 0, C[13]: 3515.750000 3515.750000 4088.000000 4088.000000
threadIdx.x: 7, blockIdx.x: 0, C[13]: 3515.750000 3515.750000 4088.000000 4088.000000
threadIdx.x: 8, blockIdx.x: 0, C[13]: 3587.500000 3587.500000 4161.500000 4161.500000
threadIdx.x: 9, blockIdx.x: 0, C[13]: 3587.500000 3587.500000 4161.500000 4161.500000
threadIdx.x: 0, blockIdx.x: 0, C[14]: 0.000000 0.000000 0.000000 0.000000
threadIdx.x: 1, blockIdx.x: 0, C[14]: 0.000000 0.000000 0.000000 0.000000
threadIdx.x: 2, blockIdx.x: 0, C[14]: 0.000000 0.000000 0.000000 0.000000
threadIdx.x: 3, blockIdx.x: 0, C[14]: 0.000000 0.000000 0.000000 0.000000
threadIdx.x: 4, blockIdx.x: 0, C[14]: 0.000000 0.000000 0.000000 0.000000
threadIdx.x: 5, blockIdx.x: 0, C[14]: 0.000000 0.000000 0.000000 0.000000
threadIdx.x: 6, blockIdx.x: 0, C[14]: 0.000000 0.000000 0.000000 0.000000
threadIdx.x: 7, blockIdx.x: 0, C[14]: 0.000000 0.000000 0.000000 0.000000
threadIdx.x: 8, blockIdx.x: 0, C[14]: 0.000000 0.000000 0.000000 0.000000
threadIdx.x: 9, blockIdx.x: 0, C[14]: 0.000000 0.000000 0.000000 0.000000
threadIdx.x: 0, blockIdx.x: 0, C[15]: 0.000000 0.000000 0.000000 0.000000
threadIdx.x: 1, blockIdx.x: 0, C[15]: 0.000000 0.000000 0.000000 0.000000
threadIdx.x: 2, blockIdx.x: 0, C[15]: 0.000000 0.000000 0.000000 0.000000
threadIdx.x: 3, blockIdx.x: 0, C[15]: 0.000000 0.000000 0.000000 0.000000
threadIdx.x: 4, blockIdx.x: 0, C[15]: 0.000000 0.000000 0.000000 0.000000
threadIdx.x: 5, blockIdx.x: 0, C[15]: 0.000000 0.000000 0.000000 0.000000
threadIdx.x: 6, blockIdx.x: 0, C[15]: 0.000000 0.000000 0.000000 0.000000
threadIdx.x: 7, blockIdx.x: 0, C[15]: 0.000000 0.000000 0.000000 0.000000
threadIdx.x: 8, blockIdx.x: 0, C[15]: 0.000000 0.000000 0.000000 0.000000
threadIdx.x: 9, blockIdx.x: 0, C[15]: 0.000000 0.000000 0.000000 0.000000
threadIdx.x: 0, blockIdx.x: 0, C[16]: 6811.000000 6811.000000 0.000000 0.000000
threadIdx.x: 1, blockIdx.x: 0, C[16]: 6811.000000 6811.000000 0.000000 0.000000
threadIdx.x: 2, blockIdx.x: 0, C[16]: 6811.000000 6811.000000 0.000000 0.000000
threadIdx.x: 3, blockIdx.x: 0, C[16]: 6811.000000 6811.000000 0.000000 0.000000
threadIdx.x: 4, blockIdx.x: 0, C[16]: 4014.500000 4014.500000 0.000000 0.000000
threadIdx.x: 5, blockIdx.x: 0, C[16]: 4014.500000 4014.500000 0.000000 0.000000
threadIdx.x: 6, blockIdx.x: 0, C[16]: 4014.500000 4018.000000 0.000000 0.000000
threadIdx.x: 7, blockIdx.x: 0, C[16]: 4018.000000 4018.000000 0.000000 0.000000
threadIdx.x: 8, blockIdx.x: 0, C[16]: 0.000000 0.000000 0.000000 0.000000
threadIdx.x: 9, blockIdx.x: 0, C[16]: 0.000000 0.000000 0.000000 0.000000
threadIdx.x: 0, blockIdx.x: 0, C[17]: 6811.000000 6811.000000 0.000000 0.000000
threadIdx.x: 1, blockIdx.x: 0, C[17]: 6811.000000 6811.000000 0.000000 0.000000
threadIdx.x: 2, blockIdx.x: 0, C[17]: 6811.000000 6811.000000 0.000000 0.000000
threadIdx.x: 3, blockIdx.x: 0, C[17]: 6811.000000 6811.000000 0.000000 0.000000
threadIdx.x: 4, blockIdx.x: 0, C[17]: 4018.000000 4018.000000 0.043259 26.263672
threadIdx.x: 5, blockIdx.x: 0, C[17]: 4018.000000 4018.000000 0.043259 26.263672
threadIdx.x: 6, blockIdx.x: 0, C[17]: 4021.500000 4021.500000 0.043259 26.263672
threadIdx.x: 7, blockIdx.x: 0, C[17]: 4021.500000 4021.500000 0.043259 26.263672
threadIdx.x: 8, blockIdx.x: 0, C[17]: 0.000000 0.000000 0.000000 0.000000
threadIdx.x: 9, blockIdx.x: 0, C[17]: 0.000000 0.000000 0.000000 0.000000
threadIdx.x: 0, blockIdx.x: 0, C[18]: 0.000000 0.000000 0.000000 0.000000
threadIdx.x: 1, blockIdx.x: 0, C[18]: 0.000000 0.000000 0.000000 0.000000
threadIdx.x: 2, blockIdx.x: 0, C[18]: 0.000000 0.000000 0.000000 0.000000
threadIdx.x: 3, blockIdx.x: 0, C[18]: 0.000000 0.000000 0.000000 0.000000
threadIdx.x: 4, blockIdx.x: 0, C[18]: 0.000000 0.000000 0.000000 0.000000
threadIdx.x: 5, blockIdx.x: 0, C[18]: 0.000000 0.000000 0.000000 0.000000
threadIdx.x: 6, blockIdx.x: 0, C[18]: 0.000000 0.000000 0.000000 0.000000
threadIdx.x: 7, blockIdx.x: 0, C[18]: 0.000000 0.000000 0.000000 0.000000
threadIdx.x: 8, blockIdx.x: 0, C[18]: 0.000000 0.000000 0.000000 0.000000
threadIdx.x: 9, blockIdx.x: 0, C[18]: 0.000000 0.000000 0.000000 0.000000
threadIdx.x: 0, blockIdx.x: 0, C[19]: 0.000000 0.000000 0.000000 0.000000
threadIdx.x: 1, blockIdx.x: 0, C[19]: 0.000000 0.000000 0.000000 0.000000
threadIdx.x: 2, blockIdx.x: 0, C[19]: 0.000000 0.000000 0.000000 0.000000
threadIdx.x: 3, blockIdx.x: 0, C[19]: 0.000000 0.000000 0.000000 0.000000
threadIdx.x: 4, blockIdx.x: 0, C[19]: 0.000000 0.000000 0.000000 0.000000
threadIdx.x: 5, blockIdx.x: 0, C[19]: 0.000000 0.000000 0.000000 0.000000
threadIdx.x: 6, blockIdx.x: 0, C[19]: 0.000000 0.000000 0.000000 0.000000
threadIdx.x: 7, blockIdx.x: 0, C[19]: 0.000000 0.000000 0.000000 0.000000
threadIdx.x: 8, blockIdx.x: 0, C[19]: 0.000000 0.000000 0.000000 0.000000
threadIdx.x: 9, blockIdx.x: 0, C[19]: 0.000000 0.000000 0.000000 0.000000
threadIdx.x: 0, blockIdx.x: 0, C[20]: 6811.000000 6811.000000 0.000000 0.000000
threadIdx.x: 1, blockIdx.x: 0, C[20]: 6811.000000 6811.000000 0.000000 0.000000
threadIdx.x: 2, blockIdx.x: 0, C[20]: 6811.000000 6811.000000 0.000000 0.000000
threadIdx.x: 3, blockIdx.x: 0, C[20]: 6811.000000 6811.000000 0.000000 0.000000
threadIdx.x: 4, blockIdx.x: 0, C[20]: 4032.000000 4032.000000 0.000000 0.000000
threadIdx.x: 5, blockIdx.x: 0, C[20]: 4032.000000 4032.000000 0.000000 0.000000
threadIdx.x: 6, blockIdx.x: 0, C[20]: 4032.000000 4032.000000 0.000000 0.000000
threadIdx.x: 7, blockIdx.x: 0, C[20]: 4032.000000 4032.000000 0.000000 0.000000
threadIdx.x: 8, blockIdx.x: 0, C[20]: 0.000000 0.000000 0.000000 0.000000
threadIdx.x: 9, blockIdx.x: 0, C[20]: 0.000000 0.000000 0.000000 0.000000
threadIdx.x: 0, blockIdx.x: 0, C[21]: 6811.000000 6811.000000 0.000000 0.000000
threadIdx.x: 1, blockIdx.x: 0, C[21]: 6811.000000 6811.000000 0.000000 0.000000
threadIdx.x: 2, blockIdx.x: 0, C[21]: 6811.000000 6811.000000 0.000000 0.000000
threadIdx.x: 3, blockIdx.x: 0, C[21]: 6814.500000 6814.500000 0.000000 0.000000
threadIdx.x: 4, blockIdx.x: 0, C[21]: 4032.000000 4032.000000 0.000000 0.000000
threadIdx.x: 5, blockIdx.x: 0, C[21]: 4032.000000 4035.500000 0.000000 0.000000
threadIdx.x: 6, blockIdx.x: 0, C[21]: 4035.500000 4035.500000 0.000000 0.000000
threadIdx.x: 7, blockIdx.x: 0, C[21]: 4035.500000 4035.500000 0.000000 0.000000
threadIdx.x: 8, blockIdx.x: 0, C[21]: 0.000000 0.000000 0.000000 0.000000
threadIdx.x: 9, blockIdx.x: 0, C[21]: 0.000000 0.000000 0.000000 0.000000
threadIdx.x: 0, blockIdx.x: 0, C[22]: 0.000000 0.000000 0.000000 0.000000
threadIdx.x: 1, blockIdx.x: 0, C[22]: 0.000000 0.000000 0.000000 0.000000
threadIdx.x: 2, blockIdx.x: 0, C[22]: 0.000000 0.000000 0.000000 0.000000
threadIdx.x: 3, blockIdx.x: 0, C[22]: 0.000000 0.000000 0.000000 0.000000
threadIdx.x: 4, blockIdx.x: 0, C[22]: 0.000000 0.000000 0.000000 0.000000
threadIdx.x: 5, blockIdx.x: 0, C[22]: 0.000000 0.000000 0.000000 0.000000
threadIdx.x: 6, blockIdx.x: 0, C[22]: 0.000000 0.000000 0.000000 0.000000
threadIdx.x: 7, blockIdx.x: 0, C[22]: 0.000000 0.000000 0.000000 0.000000
threadIdx.x: 8, blockIdx.x: 0, C[22]: 0.000000 0.000000 0.000000 0.000000
threadIdx.x: 9, blockIdx.x: 0, C[22]: 0.000000 0.000000 0.000000 0.000000
threadIdx.x: 0, blockIdx.x: 0, C[23]: 0.000000 0.000000 0.000000 0.000000
threadIdx.x: 1, blockIdx.x: 0, C[23]: 0.000000 0.000000 0.000000 0.000000
threadIdx.x: 2, blockIdx.x: 0, C[23]: 0.000000 0.000000 0.000000 0.000000
threadIdx.x: 3, blockIdx.x: 0, C[23]: 0.000000 0.000000 0.000000 0.000000
threadIdx.x: 4, blockIdx.x: 0, C[23]: 0.000000 0.000000 0.000000 0.000000
threadIdx.x: 5, blockIdx.x: 0, C[23]: 0.000000 0.000000 0.000000 0.000000
threadIdx.x: 6, blockIdx.x: 0, C[23]: 0.000000 0.000000 0.000000 0.000000
threadIdx.x: 7, blockIdx.x: 0, C[23]: 0.000000 0.000000 0.000000 0.000000
threadIdx.x: 8, blockIdx.x: 0, C[23]: 0.000000 0.000000 0.000000 0.000000
threadIdx.x: 9, blockIdx.x: 0, C[23]: 0.000000 0.000000 0.000000 0.000000
threadIdx.x: 0, blockIdx.x: 0, C[24]: 0.000000 0.000000 0.000000 0.000000
threadIdx.x: 1, blockIdx.x: 0, C[24]: 0.000000 0.000000 0.000000 0.000000
threadIdx.x: 2, blockIdx.x: 0, C[24]: 0.000000 0.000000 0.000000 0.000000
threadIdx.x: 3, blockIdx.x: 0, C[24]: 0.000000 0.000000 0.000000 0.000000
threadIdx.x: 4, blockIdx.x: 0, C[24]: 0.000000 0.000000 0.000000 0.000000
threadIdx.x: 5, blockIdx.x: 0, C[24]: 0.000000 0.000000 0.000000 0.000000
threadIdx.x: 6, blockIdx.x: 0, C[24]: 0.000000 0.000000 0.000000 0.000000
threadIdx.x: 7, blockIdx.x: 0, C[24]: 0.000000 0.000000 0.000000 0.000000
threadIdx.x: 8, blockIdx.x: 0, C[24]: 6037.500000 6037.500000 0.000000 0.000000
threadIdx.x: 9, blockIdx.x: 0, C[24]: 6041.000000 6041.000000 0.000000 0.000000
threadIdx.x: 0, blockIdx.x: 0, C[25]: 0.000000 0.000000 0.000000 0.000000
threadIdx.x: 1, blockIdx.x: 0, C[25]: 0.000000 0.000000 0.000000 0.000000
threadIdx.x: 2, blockIdx.x: 0, C[25]: 0.000000 0.000000 0.000000 0.000000
threadIdx.x: 3, blockIdx.x: 0, C[25]: 0.000000 0.000000 0.000000 0.000000
threadIdx.x: 4, blockIdx.x: 0, C[25]: 0.000000 0.000000 0.000000 0.000000
threadIdx.x: 5, blockIdx.x: 0, C[25]: 0.000000 0.000000 0.000000 0.000000
threadIdx.x: 6, blockIdx.x: 0, C[25]: 0.000000 0.000000 0.000000 0.000000
threadIdx.x: 7, blockIdx.x: 0, C[25]: 0.000000 0.000000 0.000000 0.000000
threadIdx.x: 8, blockIdx.x: 0, C[25]: 6041.000000 6041.000000 0.000000 0.000000
threadIdx.x: 9, blockIdx.x: 0, C[25]: 6041.000000 6041.000000 0.000000 0.000000
threadIdx.x: 0, blockIdx.x: 0, C[26]: 0.000000 0.000000 0.000000 0.000000
threadIdx.x: 1, blockIdx.x: 0, C[26]: 0.000000 0.000000 0.000000 0.000000
threadIdx.x: 2, blockIdx.x: 0, C[26]: 0.000000 0.000000 0.000000 0.000000
threadIdx.x: 3, blockIdx.x: 0, C[26]: 0.000000 0.000000 0.000000 0.000000
threadIdx.x: 4, blockIdx.x: 0, C[26]: 0.000000 0.000000 0.000000 0.000000
threadIdx.x: 5, blockIdx.x: 0, C[26]: 0.000000 0.000000 0.000000 0.000000
threadIdx.x: 6, blockIdx.x: 0, C[26]: 0.000000 0.000000 0.000000 0.000000
threadIdx.x: 7, blockIdx.x: 0, C[26]: 0.000000 0.000000 0.000000 0.000000
threadIdx.x: 8, blockIdx.x: 0, C[26]: 0.000000 0.000000 0.000000 0.000000
threadIdx.x: 9, blockIdx.x: 0, C[26]: 0.000000 0.000000 0.000000 0.000000
threadIdx.x: 0, blockIdx.x: 0, C[27]: 0.000000 0.000000 0.000000 0.000000
threadIdx.x: 1, blockIdx.x: 0, C[27]: 0.000000 0.000000 0.000000 0.000000
threadIdx.x: 2, blockIdx.x: 0, C[27]: 0.000000 0.000000 0.000000 0.000000
threadIdx.x: 3, blockIdx.x: 0, C[27]: 0.000000 0.000000 0.000000 0.000000
threadIdx.x: 4, blockIdx.x: 0, C[27]: 0.000000 0.000000 0.000000 0.000000
threadIdx.x: 5, blockIdx.x: 0, C[27]: 0.000000 0.000000 0.000000 0.000000
threadIdx.x: 6, blockIdx.x: 0, C[27]: 0.000000 0.000000 0.000000 0.000000
threadIdx.x: 7, blockIdx.x: 0, C[27]: 0.000000 0.000000 0.000000 0.000000
threadIdx.x: 8, blockIdx.x: 0, C[27]: 0.000000 0.000000 0.000000 0.000000
threadIdx.x: 9, blockIdx.x: 0, C[27]: 0.000000 0.000000 0.000000 0.000000
threadIdx.x: 0, blockIdx.x: 0, C[28]: 0.000000 0.000000 0.000000 0.000000
threadIdx.x: 1, blockIdx.x: 0, C[28]: 0.000000 0.000000 0.000000 0.000000
threadIdx.x: 2, blockIdx.x: 0, C[28]: 0.000000 0.000000 0.000000 0.000000
threadIdx.x: 3, blockIdx.x: 0, C[28]: 0.000000 0.000000 0.000000 0.000000
threadIdx.x: 4, blockIdx.x: 0, C[28]: 6020.000000 6020.000000 0.000000 0.000000
threadIdx.x: 5, blockIdx.x: 0, C[28]: 6020.000000 6023.500000 0.000000 0.000000
threadIdx.x: 6, blockIdx.x: 0, C[28]: 6023.500000 6023.500000 0.000000 0.000000
threadIdx.x: 7, blockIdx.x: 0, C[28]: 6023.500000 6023.500000 0.000000 0.000000
threadIdx.x: 8, blockIdx.x: 0, C[28]: 0.000000 0.000000 0.000000 0.000000
threadIdx.x: 9, blockIdx.x: 0, C[28]: 0.000000 0.000000 0.000000 0.000000
threadIdx.x: 0, blockIdx.x: 0, C[29]: 0.000000 0.000000 0.000000 0.000000
threadIdx.x: 1, blockIdx.x: 0, C[29]: 0.000000 0.000000 0.000000 0.000000
threadIdx.x: 2, blockIdx.x: 0, C[29]: 0.000000 0.000000 0.000000 0.000000
threadIdx.x: 3, blockIdx.x: 0, C[29]: 0.000000 0.000000 0.000000 0.000000
threadIdx.x: 4, blockIdx.x: 0, C[29]: 6023.500000 6027.000000 0.000000 0.000000
threadIdx.x: 5, blockIdx.x: 0, C[29]: 6027.000000 6027.000000 0.000000 0.000000
threadIdx.x: 6, blockIdx.x: 0, C[29]: 6027.000000 6027.000000 0.000000 0.000000
threadIdx.x: 7, blockIdx.x: 0, C[29]: 6027.000000 6027.000000 0.000000 0.000000
threadIdx.x: 8, blockIdx.x: 0, C[29]: 0.000000 0.000000 0.000000 0.000000
threadIdx.x: 9, blockIdx.x: 0, C[29]: 0.000000 0.000000 0.000000 0.000000
threadIdx.x: 0, blockIdx.x: 0, C[30]: 0.000000 0.000000 0.000000 0.000000
threadIdx.x: 1, blockIdx.x: 0, C[30]: 0.000000 0.000000 0.000000 0.000000
threadIdx.x: 2, blockIdx.x: 0, C[30]: 0.000000 0.000000 0.000000 0.000000
threadIdx.x: 3, blockIdx.x: 0, C[30]: 0.000000 0.000000 0.000000 0.000000
threadIdx.x: 4, blockIdx.x: 0, C[30]: 0.000000 0.000000 0.000000 0.000000
threadIdx.x: 5, blockIdx.x: 0, C[30]: 0.000000 0.000000 0.000000 0.000000
threadIdx.x: 6, blockIdx.x: 0, C[30]: 0.000000 0.000000 0.000000 0.000000
threadIdx.x: 7, blockIdx.x: 0, C[30]: 0.000000 0.000000 0.000000 0.000000
threadIdx.x: 8, blockIdx.x: 0, C[30]: 0.000000 0.000000 0.000000 0.000000
threadIdx.x: 9, blockIdx.x: 0, C[30]: 0.000000 0.000000 0.000000 0.000000
threadIdx.x: 0, blockIdx.x: 0, C[31]: 0.000000 0.000000 0.000000 0.000000
threadIdx.x: 1, blockIdx.x: 0, C[31]: 0.000000 0.000000 0.000000 0.000000
threadIdx.x: 2, blockIdx.x: 0, C[31]: 0.000000 0.000000 0.000000 0.000000
threadIdx.x: 3, blockIdx.x: 0, C[31]: 0.000000 0.000000 0.000000 0.000000
threadIdx.x: 4, blockIdx.x: 0, C[31]: 0.000000 0.000000 0.000000 0.000000
threadIdx.x: 5, blockIdx.x: 0, C[31]: 0.000000 0.000000 0.000000 0.000000
threadIdx.x: 6, blockIdx.x: 0, C[31]: 0.000000 0.000000 0.000000 0.000000
threadIdx.x: 7, blockIdx.x: 0, C[31]: 0.000000 0.000000 0.000000 0.000000
threadIdx.x: 8, blockIdx.x: 0, C[31]: 0.000000 0.000000 0.000000 0.000000
threadIdx.x: 9, blockIdx.x: 0, C[31]: 0.000000 0.000000 0.000000 0.000000





  128    512   1024   64  256   -1
res [[15  8  8 ...  8  8  8]
 [ 8  8  8 ...  8  8  8]
 [ 8  8  8 ...  8  8  8]
 ...
 [ 8  8  8 ...  8  8  8]
 [ 8  8  8 ...  8  8  8]
 [ 8  8  8 ...  8  8  8]]
C torch.Size([128, 512]) torch.Size([128, 512])
0.000 0.009 0.019 0.028 0.037 0.047 0.056 0.065 0.075 0.084 0.093 0.103 0.112 0.121 0.131 0.140 0.000 0.000 0.000 0.000 0.000 0.000 0.000 0.000 0.000 0.000 0.000 0.000 0.000 0.000 0.000 0.000 0.299 0.308 0.317 0.327 0.336 0.345 0.354 0.364 0.373 0.383 0.392 0.401 0.411 0.420 0.429 0.438 0.000 0.000 0.000 0.000 0.000 0.000 0.000 0.000 0.000 0.000 0.000 0.000 0.000 0.000 0.000 0.000 0.000 0.000 0.000 0.000 0.000 0.000 0.000 0.000 0.000 0.000 0.000 0.000 0.000 0.000 0.000 0.000 0.000 0.000 0.000 0.000 0.000 0.000 0.000 0.000 0.000 0.000 0.000 0.000 0.000 0.000 0.000 0.000 0.000 0.000 0.000 0.000 0.000 0.000 0.000 0.000 0.000 0.000 0.000 0.000 0.000 0.000 0.000 0.000 0.000 0.000 0.000 0.000 0.000 0.000 0.000 0.000 0.000 0.000 0.000 0.000 0.000 0.000 0.000 0.000 0.000 0.000 0.000 0.000 0.000 0.000 0.000 0.000 0.000 0.000 0.000 0.000 0.000 0.000 0.000 0.000 0.000 0.000 0.000 0.000 0.000 0.000 0.000 0.000 0.000 0.000 0.000 0.000 0.000 0.000 0.000 0.000 0.000 0.000 0.000 0.000 0.000 0.000 0.000 0.000 0.000 0.000 0.000 0.000 0.000 0.000 0.000 0.000 0.000 0.000 0.000 0.000 0.000 0.000 0.000 0.000 0.000 0.000 0.000 0.000 0.000 0.000 0.000 0.000 0.000 0.000 0.000 0.000 0.000 0.000 0.000 0.000 0.000 0.000 0.000 0.000 0.000 0.000 0.000 0.000 0.000 0.000 0.000 0.000 0.000 0.000 0.000 0.000 0.000 0.000 0.000 0.000 0.000 0.000 0.000 0.000 0.000 0.000 0.000 0.000 0.000 0.000 0.000 0.000 0.000 0.000 0.000 0.000 0.000 0.000 0.000 0.000 0.000 0.000 0.000 0.000 0.000 0.000 0.000 0.000 0.000 0.000 0.000 0.000 0.000 0.000 0.000 0.000 0.000 0.000 0.000 0.000 0.000 0.000 0.000 0.000 0.000 0.000 0.000 0.000 0.000 0.000 0.000 0.000 0.000 0.000 0.000 0.000 0.000 0.000 0.000 0.000 0.000 0.000 0.000 0.000 0.000 0.000 0.000 0.000 0.000 0.000 0.000 0.000 0.000 0.000 0.000 0.000 0.000 0.000 0.000 0.000 0.000 0.000 0.000 0.000 0.000 0.000 0.000 0.000 0.000 0.000 0.000 0.000 0.000 0.000 0.000 0.000 0.000 0.000 0.000 0.000 0.000 0.000 0.000 0.000 0.000 0.000 0.000 0.000 0.000 0.000 0.000 0.000 0.000 0.000 0.000 0.000 0.000 0.000 0.000 0.000 0.000 0.000 0.000 0.000 0.000 0.000 0.000 0.000 0.000 0.000 0.000 0.000 0.000 0.000 0.000 0.000 0.000 0.000 0.000 0.000 0.000 0.000 0.000 0.000 0.000 0.000 0.000 0.000 0.000 0.000 0.000 0.000 0.000 0.000 0.000 0.000 0.000 0.000 0.000 0.000 0.000 0.000 0.000 0.000 0.000 0.000 0.000 0.000 0.000 0.000 0.000 0.000 0.000 0.000 0.000 0.000 0.000 0.000 0.000 0.000 0.000 0.000 0.000 0.000 0.000 0.000 0.000 0.000 0.000 0.000 0.000 0.000 0.000 0.000 0.000 0.000 0.000 0.000 0.000 0.000 0.000 0.000 0.000 0.000 0.000 0.000 0.000 0.000 0.000 0.000 0.000 0.000 0.000 0.000 0.000 0.000 0.000 0.000 0.000 0.000 0.000 0.000 0.000 0.000 0.000 0.000 0.000 0.000 0.000 0.000 0.000 0.000 0.000 0.000 0.000 0.000 0.000 0.000 0.000 0.000 0.000 0.000 0.000 0.000 0.000 0.000 0.000 0.000 0.000 0.000 0.000 0.000 0.000 0.000 0.000 0.000 0.000 0.000 0.000 0.000 0.000 0.000 0.000 0.000 0.000 0.000 0.000 0.000 0.000 0.000 0.000 0.000 0.000 0.000 0.000 0.000 0.000 0.000 0.000 0.000 0.000 0.000 0.000 0.000 0.000 0.000 0.000 0.000 0.000 0.000 0.000 0.000
0.000 0.009 0.019 0.028 0.037 0.047 0.056 0.065 0.075 0.084 0.093 0.103 0.112 0.121 0.131 0.140 0.149 0.159 0.168 0.177 0.187 0.196 0.205 0.215 0.224 0.233 0.243 0.252 0.261 0.271 0.280 0.289 0.299 0.308 0.317 0.327 0.336 0.345 0.354 0.364 0.373 0.383 0.392 0.401 0.410 0.420 0.429 0.438 0.448 0.457 0.467 0.476 0.485 0.494 0.504 0.513 0.522 0.532 0.542 0.550 0.560 0.569 0.579 0.588 0.597 0.606 0.616 0.625 0.635 0.644 0.653 0.663 0.672 0.681 0.691 0.700 0.709 0.719 0.728 0.737 0.746 0.756 0.765 0.774 0.784 0.793 0.802 0.812 0.821 0.831 0.840 0.849 0.858 0.868 0.877 0.887 0.896 0.905 0.915 0.924 0.933 0.942 0.951 0.961 0.971 0.979 0.989 0.999 1.008 1.017 1.026 1.036 1.045 1.055 1.063 1.073 1.083 1.092 1.101 1.110 1.120 1.129 1.138 1.148 1.157 1.166 1.176 1.185 1.194 1.204 1.213 1.222 1.232 1.241 1.250 1.260 1.270 1.278 1.287 1.297 1.307 1.315 1.325 1.334 1.344 1.354 1.362 1.371 1.382 1.391 1.399 1.409 1.418 1.428 1.438 1.446 1.455 1.465 1.475 1.483 1.492 1.503 1.512 1.521 1.530 1.540 1.549 1.559 1.567 1.577 1.587 1.596 1.604 1.614 1.624 1.633 1.642 1.651 1.661 1.670 1.680 1.688 1.698 1.708 1.717 1.726 1.736 1.745 1.754 1.764 1.773 1.782 1.791 1.801 1.811 1.819 1.829 1.838 1.848 1.857 1.866 1.875 1.885 1.894 1.902 1.914 1.923 1.932 1.941 1.950 1.959 1.969 1.978 1.988 1.997 2.006 2.016 2.025 2.033 2.043 2.053 2.062 2.072 2.082 2.090 2.100 2.109 2.117 2.127 2.137 2.146 2.156 2.166 2.174 2.184 2.193 2.201 2.211 2.221 2.230 2.240 2.248 2.258 2.268 2.275 2.285 2.297 2.305 2.314 2.324 2.332 2.342 2.352 2.359 2.369 2.381 2.389 2.398 2.408 2.416 2.426 2.436 2.443 2.455 2.465 2.473 2.482 2.492 2.500 2.510 2.520 2.529 2.539 2.547 2.557 2.566 2.574 2.584 2.594 2.602 2.613 2.623 2.631 2.641 2.650 2.658 2.668 2.678 2.688 2.697 2.707 2.715 2.725 2.734 2.742 2.752 2.764 2.771 2.781 2.791 2.799 2.809 2.818 2.826 2.836 2.848 2.855 2.865 2.875 2.883 2.893 2.902 2.910 2.922 2.930 2.939 2.949 2.957 2.967 2.977 2.984 2.996 3.006 3.014 3.023 3.033 3.041 3.051 3.061 3.068 3.080 3.090 3.098 3.107 3.117 3.125 3.135 3.145 3.154 3.164 3.174 3.182 3.191 3.201 3.209 3.219 3.229 3.238 3.248 3.256 3.266 3.275 3.283 3.293 3.303 3.312 3.322 3.332 3.340 3.350 3.359 3.367 3.377 3.389 3.396 3.406 3.416 3.424 3.434 3.443 3.451 3.463 3.473 3.480 3.490 3.500 3.508 3.518 3.527 3.535 3.547 3.555 3.564 3.574 3.582 3.592 3.602 3.609 3.621 3.631 3.639 3.648 3.658 3.666 3.676 3.686 3.695 3.705 3.715 3.723 3.732 3.744 3.750 3.762 3.770 3.779 3.787 3.799 3.805 3.816 3.828 3.834 3.846 3.854 3.863 3.871 3.883 3.893 3.900 3.910 3.918 3.930 3.938 3.947 3.955 3.965 3.977 3.984 3.994 4.004 4.012 4.020 4.031 4.039 4.051 4.059 4.066 4.078 4.086 4.098 4.105 4.113 4.125 4.133 4.145 4.152 4.164 4.168 4.180 4.188 4.199 4.211 4.219 4.227 4.234 4.246 4.254 4.266 4.273 4.281 4.293 4.301 4.312 4.320 4.332 4.336 4.348 4.359 4.367 4.379 4.387 4.395 4.402 4.414 4.422 4.434 4.441 4.449 4.461 4.469 4.480 4.488 4.496 4.504 4.516 4.527 4.535 4.547 4.551 4.562 4.570 4.582 4.594 4.602 4.609 4.617 4.629 4.637 4.648 4.656 4.664 4.676 4.684 4.695 4.703 4.715 4.719 4.730 4.738 4.750 4.762 4.770

Traceback (most recent call last):
  File "/raid/lingo/carlguo/marlin_reproduction/test.py", line 215, in <module>
    unittest.main()
  File "/raid/lingo/carlguo/.conda/envs/marlin/lib/python3.10/unittest/main.py", line 101, in __init__
    self.runTests()
  File "/raid/lingo/carlguo/.conda/envs/marlin/lib/python3.10/unittest/main.py", line 271, in runTests
    self.result = testRunner.run(self.test)
  File "/raid/lingo/carlguo/.conda/envs/marlin/lib/python3.10/unittest/runner.py", line 184, in run
    test(result)
  File "/raid/lingo/carlguo/.conda/envs/marlin/lib/python3.10/unittest/suite.py", line 84, in __call__
    return self.run(*args, **kwds)
  File "/raid/lingo/carlguo/.conda/envs/marlin/lib/python3.10/unittest/suite.py", line 122, in run
    test(result)
  File "/raid/lingo/carlguo/.conda/envs/marlin/lib/python3.10/unittest/suite.py", line 84, in __call__
    return self.run(*args, **kwds)
  File "/raid/lingo/carlguo/.conda/envs/marlin/lib/python3.10/unittest/suite.py", line 122, in run
    test(result)
  File "/raid/lingo/carlguo/.conda/envs/marlin/lib/python3.10/unittest/case.py", line 650, in __call__
    return self.run(*args, **kwds)
  File "/raid/lingo/carlguo/.conda/envs/marlin/lib/python3.10/unittest/case.py", line 591, in run
    self._callTestMethod(testMethod)
  File "/raid/lingo/carlguo/.conda/envs/marlin/lib/python3.10/unittest/case.py", line 549, in _callTestMethod
    method()
  File "/raid/lingo/carlguo/marlin_reproduction/test.py", line 127, in test_tiles
    self.run_problem_idx(m, 512, 1024, thread_k, thread_n)
  File "/raid/lingo/carlguo/marlin_reproduction/test.py", line 114, in run_problem_idx
    print(' '.join(f'{x:.3f}' for x in c_row))
  File "/raid/lingo/carlguo/marlin_reproduction/test.py", line 114, in <genexpr>
    print(' '.join(f'{x:.3f}' for x in c_row))
  File "/raid/lingo/carlguo/.local/lib/python3.10/site-packages/torch/_tensor.py", line 1097, in __format__
    return self.item().__format__(format_spec)
KeyboardInterrupt
