....scale_perm [0, 8, 16, 24, 32, 40, 48, 56, 1, 9, 17, 25, 33, 41, 49, 57, 2, 10, 18, 26, 34, 42, 50, 58, 3, 11, 19, 27, 35, 43, 51, 59, 4, 12, 20, 28, 36, 44, 52, 60, 5, 13, 21, 29, 37, 45, 53, 61, 6, 14, 22, 30, 38, 46, 54, 62, 7, 15, 23, 31, 39, 47, 55, 63]
scale_perm_single [0, 1, 8, 9, 16, 17, 24, 25, 2, 3, 10, 11, 18, 19, 26, 27, 4, 5, 12, 13, 20, 21, 28, 29, 6, 7, 14, 15, 22, 23, 30, 31]
perm tensor([   0,  128,    8,  ..., 1015,  895, 1023])
scale_perm [0, 1, 2, 3, 4, 5, 6, 7, 8, 9, 10, 11, 12, 13, 14, 15, 16, 17, 18, 19, 20, 21, 22, 23, 24, 25, 26, 27, 28, 29, 30, 31, 32, 33, 34, 35, 36, 37, 38, 39, 40, 41, 42, 43, 44, 45, 46, 47, 48, 49, 50, 51, 52, 53, 54, 55, 56, 57, 58, 59, 60, 61, 62, 63]
perm tensor([   0,    1,    2,  ..., 1021, 1022, 1023])
scale_perm_single [0, 1, 2, 3, 4, 5, 6, 7, 8, 9, 10, 11, 12, 13, 14, 15, 16, 17, 18, 19, 20, 21, 22, 23, 24, 25, 26, 27, 28, 29, 30, 31]





  128     32     64   64  256   -1
orig w
0.00 0.00 0.00 0.00 0.00 0.00 0.00 0.00 0.00 0.00 0.00 0.00 0.00 0.00 0.00 0.00 0.00 0.00 0.00 0.00 0.00 0.00 0.00 0.00 0.00 0.00 0.00 0.00 0.00 0.00 0.00 0.00
0.02 0.02 0.02 0.02 0.02 0.02 0.02 0.02 0.02 0.02 0.02 0.02 0.02 0.02 0.02 0.02 0.02 0.02 0.02 0.02 0.02 0.02 0.02 0.02 0.02 0.02 0.02 0.02 0.02 0.02 0.02 0.02
0.04 0.04 0.04 0.04 0.04 0.04 0.04 0.04 0.04 0.04 0.04 0.04 0.04 0.04 0.04 0.04 0.04 0.04 0.04 0.04 0.04 0.04 0.04 0.04 0.04 0.04 0.04 0.04 0.04 0.04 0.04 0.04
0.06 0.06 0.06 0.06 0.06 0.06 0.06 0.06 0.06 0.06 0.06 0.06 0.06 0.06 0.06 0.06 0.06 0.06 0.06 0.06 0.06 0.06 0.06 0.06 0.06 0.06 0.06 0.06 0.06 0.06 0.06 0.06
0.08 0.08 0.08 0.08 0.08 0.08 0.08 0.08 0.08 0.08 0.08 0.08 0.08 0.08 0.08 0.08 0.08 0.08 0.08 0.08 0.08 0.08 0.08 0.08 0.08 0.08 0.08 0.08 0.08 0.08 0.08 0.08
ref torch.Size([64, 32])
0.00 0.00 0.00 0.00 0.00 0.00 0.00 0.00 0.00 0.00 0.00 0.00 0.00 0.00 0.00 0.00 0.00 0.00 0.00 0.00 0.00 0.00 0.00 0.00 0.00 0.00 0.00 0.00 0.00 0.00 0.00 0.00
0.00 0.00 0.00 0.00 0.00 0.00 0.00 0.00 0.00 0.00 0.00 0.00 0.00 0.00 0.00 0.00 0.00 0.00 0.00 0.00 0.00 0.00 0.00 0.00 0.00 0.00 0.00 0.00 0.00 0.00 0.00 0.00
0.00 0.00 0.00 0.00 0.00 0.00 0.00 0.00 0.00 0.00 0.00 0.00 0.00 0.00 0.00 0.00 0.00 0.00 0.00 0.00 0.00 0.00 0.00 0.00 0.00 0.00 0.00 0.00 0.00 0.00 0.00 0.00
0.00 0.00 0.00 0.00 0.00 0.00 0.00 0.00 0.00 0.00 0.00 0.00 0.00 0.00 0.00 0.00 0.00 0.00 0.00 0.00 0.00 0.00 0.00 0.00 0.00 0.00 0.00 0.00 0.00 0.00 0.00 0.00
0.00 0.00 0.00 0.00 0.00 0.00 0.00 0.00 0.00 0.00 0.00 0.00 0.00 0.00 0.00 0.00 0.00 0.00 0.00 0.00 0.00 0.00 0.00 0.00 0.00 0.00 0.00 0.00 0.00 0.00 0.00 0.00
w torch.Size([64, 32])
8.00 8.00 8.00 8.00 8.00 8.00 8.00 8.00 8.00 8.00 8.00 8.00 8.00 8.00 8.00 8.00 8.00 8.00 8.00 8.00 8.00 8.00 8.00 8.00 8.00 8.00 8.00 8.00 8.00 8.00 8.00 8.00
8.00 8.00 8.00 8.00 8.00 8.00 8.00 8.00 8.00 8.00 8.00 8.00 8.00 8.00 8.00 8.00 8.00 8.00 8.00 8.00 8.00 8.00 8.00 8.00 8.00 8.00 8.00 8.00 8.00 8.00 8.00 8.00
8.00 8.00 8.00 8.00 8.00 8.00 8.00 8.00 8.00 8.00 8.00 8.00 8.00 8.00 8.00 8.00 8.00 8.00 8.00 8.00 8.00 8.00 8.00 8.00 8.00 8.00 8.00 8.00 8.00 8.00 8.00 8.00
8.00 8.00 8.00 8.00 8.00 8.00 8.00 8.00 8.00 8.00 8.00 8.00 8.00 8.00 8.00 8.00 8.00 8.00 8.00 8.00 8.00 8.00 8.00 8.00 8.00 8.00 8.00 8.00 8.00 8.00 8.00 8.00
8.00 8.00 8.00 8.00 8.00 8.00 8.00 8.00 8.00 8.00 8.00 8.00 8.00 8.00 8.00 8.00 8.00 8.00 8.00 8.00 8.00 8.00 8.00 8.00 8.00 8.00 8.00 8.00 8.00 8.00 8.00 8.00
inside pack
w torch.Size([64, 32])
w torch.Size([4, 16, 2, 16])
w torch.Size([4, 2, 16, 16]) tensor([[ 8,  8,  8,  8,  8,  8,  8,  8,  8,  8,  8,  8,  8,  8,  8,  8],
        [ 8,  8,  8,  8,  8,  8,  8,  8,  8,  8,  8,  8,  8,  8,  8,  8],
        [ 8,  8,  8,  8,  8,  8,  8,  8,  8,  8,  8,  8,  8,  8,  8,  8],
        [ 8,  8,  8,  8,  8,  8,  8,  8,  8,  8,  8,  8,  8,  8,  8,  8],
        [ 8,  8,  8,  8,  8,  8,  8,  8,  8,  8,  8,  8,  8,  8,  8,  8],
        [ 9,  9,  9,  9,  9,  9,  9,  9,  9,  9,  9,  9,  9,  9,  9,  9],
        [ 9,  9,  9,  9,  9,  9,  9,  9,  9,  9,  9,  9,  9,  9,  9,  9],
        [ 9,  9,  9,  9,  9,  9,  9,  9,  9,  9,  9,  9,  9,  9,  9,  9],
        [ 9,  9,  9,  9,  9,  9,  9,  9,  9,  9,  9,  9,  9,  9,  9,  9],
        [ 9,  9,  9,  9,  9,  9,  9,  9,  9,  9,  9,  9,  9,  9,  9,  9],
        [ 9,  9,  9,  9,  9,  9,  9,  9,  9,  9,  9,  9,  9,  9,  9,  9],
        [ 9,  9,  9,  9,  9,  9,  9,  9,  9,  9,  9,  9,  9,  9,  9,  9],
        [ 9,  9,  9,  9,  9,  9,  9,  9,  9,  9,  9,  9,  9,  9,  9,  9],
        [10, 10, 10, 10, 10, 10, 10, 10, 10, 10, 10, 10, 10, 10, 10, 10],
        [10, 10, 10, 10, 10, 10, 10, 10, 10, 10, 10, 10, 10, 10, 10, 10],
        [10, 10, 10, 10, 10, 10, 10, 10, 10, 10, 10, 10, 10, 10, 10, 10]],
       device='cuda:0', dtype=torch.int32) tensor([[ 8,  8,  8,  8,  8,  8,  8,  8,  8,  8,  8,  8,  8,  8,  8,  8],
        [ 8,  8,  8,  8,  8,  8,  8,  8,  8,  8,  8,  8,  8,  8,  8,  8],
        [ 8,  8,  8,  8,  8,  8,  8,  8,  8,  8,  8,  8,  8,  8,  8,  8],
        [ 8,  8,  8,  8,  8,  8,  8,  8,  8,  8,  8,  8,  8,  8,  8,  8],
        [ 8,  8,  8,  8,  8,  8,  8,  8,  8,  8,  8,  8,  8,  8,  8,  8],
        [ 9,  9,  9,  9,  9,  9,  9,  9,  9,  9,  9,  9,  9,  9,  9,  9],
        [ 9,  9,  9,  9,  9,  9,  9,  9,  9,  9,  9,  9,  9,  9,  9,  9],
        [ 9,  9,  9,  9,  9,  9,  9,  9,  9,  9,  9,  9,  9,  9,  9,  9],
        [ 9,  9,  9,  9,  9,  9,  9,  9,  9,  9,  9,  9,  9,  9,  9,  9],
        [ 9,  9,  9,  9,  9,  9,  9,  9,  9,  9,  9,  9,  9,  9,  9,  9],
        [ 9,  9,  9,  9,  9,  9,  9,  9,  9,  9,  9,  9,  9,  9,  9,  9],
        [ 9,  9,  9,  9,  9,  9,  9,  9,  9,  9,  9,  9,  9,  9,  9,  9],
        [ 9,  9,  9,  9,  9,  9,  9,  9,  9,  9,  9,  9,  9,  9,  9,  9],
        [10, 10, 10, 10, 10, 10, 10, 10, 10, 10, 10, 10, 10, 10, 10, 10],
        [10, 10, 10, 10, 10, 10, 10, 10, 10, 10, 10, 10, 10, 10, 10, 10],
        [10, 10, 10, 10, 10, 10, 10, 10, 10, 10, 10, 10, 10, 10, 10, 10]],
       device='cuda:0', dtype=torch.int32) tensor([[10, 10, 10, 10, 10, 10, 10, 10, 10, 10, 10, 10, 10, 10, 10, 10],
        [10, 10, 10, 10, 10, 10, 10, 10, 10, 10, 10, 10, 10, 10, 10, 10],
        [10, 10, 10, 10, 10, 10, 10, 10, 10, 10, 10, 10, 10, 10, 10, 10],
        [10, 10, 10, 10, 10, 10, 10, 10, 10, 10, 10, 10, 10, 10, 10, 10],
        [10, 10, 10, 10, 10, 10, 10, 10, 10, 10, 10, 10, 10, 10, 10, 10],
        [10, 10, 10, 10, 10, 10, 10, 10, 10, 10, 10, 10, 10, 10, 10, 10],
        [11, 11, 11, 11, 11, 11, 11, 11, 11, 11, 11, 11, 11, 11, 11, 11],
        [11, 11, 11, 11, 11, 11, 11, 11, 11, 11, 11, 11, 11, 11, 11, 11],
        [11, 11, 11, 11, 11, 11, 11, 11, 11, 11, 11, 11, 11, 11, 11, 11],
        [11, 11, 11, 11, 11, 11, 11, 11, 11, 11, 11, 11, 11, 11, 11, 11],
        [11, 11, 11, 11, 11, 11, 11, 11, 11, 11, 11, 11, 11, 11, 11, 11],
        [11, 11, 11, 11, 11, 11, 11, 11, 11, 11, 11, 11, 11, 11, 11, 11],
        [11, 11, 11, 11, 11, 11, 11, 11, 11, 11, 11, 11, 11, 11, 11, 11],
        [11, 11, 11, 11, 11, 11, 11, 11, 11, 11, 11, 11, 11, 11, 11, 11],
        [12, 12, 12, 12, 12, 12, 12, 12, 12, 12, 12, 12, 12, 12, 12, 12],
        [12, 12, 12, 12, 12, 12, 12, 12, 12, 12, 12, 12, 12, 12, 12, 12]],
       device='cuda:0', dtype=torch.int32)
w torch.Size([4, 512])
res torch.Size([4, 512])
res [[ 8  8  8 ... 10 10 10]
 [10 10 10 ... 12 12 12]
 [12 12 12 ... 14 14 14]
 [14 14 14 ... 15 15 15]]
layer.B tensor([[-2004318072, -2004318072, -2004318072, -2004318072, -2004318072,
         -2004318072, -2004318072, -2004318072, -2004318072, -2004318072,
         -1717986919, -1717986919, -1717986919, -1717986919, -1717986919,
         -1717986919, -1717986919, -1717986919, -1717986919, -1717986919,
         -1717986919, -1717986919, -1717986919, -1717986919, -1717986919,
         -1717986919, -1431655766, -1431655766, -1431655766, -1431655766,
         -1431655766, -1431655766, -2004318072, -2004318072, -2004318072,
         -2004318072, -2004318072, -2004318072, -2004318072, -2004318072,
         -2004318072, -2004318072, -1717986919, -1717986919, -1717986919,
         -1717986919, -1717986919, -1717986919, -1717986919, -1717986919,
         -1717986919, -1717986919, -1717986919, -1717986919, -1717986919,
         -1717986919, -1717986919, -1717986919, -1431655766, -1431655766,
         -1431655766, -1431655766, -1431655766, -1431655766],
        [-1431655766, -1431655766, -1431655766, -1431655766, -1431655766,
         -1431655766, -1431655766, -1431655766, -1431655766, -1431655766,
         -1431655766, -1431655766, -1145324613, -1145324613, -1145324613,
         -1145324613, -1145324613, -1145324613, -1145324613, -1145324613,
         -1145324613, -1145324613, -1145324613, -1145324613, -1145324613,
         -1145324613, -1145324613, -1145324613,  -858993460,  -858993460,
          -858993460,  -858993460, -1431655766, -1431655766, -1431655766,
         -1431655766, -1431655766, -1431655766, -1431655766, -1431655766,
         -1431655766, -1431655766, -1431655766, -1431655766, -1145324613,
         -1145324613, -1145324613, -1145324613, -1145324613, -1145324613,
         -1145324613, -1145324613, -1145324613, -1145324613, -1145324613,
         -1145324613, -1145324613, -1145324613, -1145324613, -1145324613,
          -858993460,  -858993460,  -858993460,  -858993460],
        [ -858993460,  -858993460,  -858993460,  -858993460,  -858993460,
          -858993460,  -858993460,  -858993460,  -858993460,  -858993460,
          -858993460,  -858993460,  -572662307,  -572662307,  -572662307,
          -572662307,  -572662307,  -572662307,  -572662307,  -572662307,
          -572662307,  -572662307,  -572662307,  -572662307,  -572662307,
          -572662307,  -572662307,  -572662307,  -572662307,  -572662307,
          -286331154,  -286331154,  -858993460,  -858993460,  -858993460,
          -858993460,  -858993460,  -858993460,  -858993460,  -858993460,
          -858993460,  -858993460,  -858993460,  -858993460,  -572662307,
          -572662307,  -572662307,  -572662307,  -572662307,  -572662307,
          -572662307,  -572662307,  -572662307,  -572662307,  -572662307,
          -572662307,  -572662307,  -572662307,  -572662307,  -572662307,
          -572662307,  -572662307,  -286331154,  -286331154],
        [ -286331154,  -286331154,  -286331154,  -286331154,  -286331154,
          -286331154,  -286331154,  -286331154,  -286331154,  -286331154,
          -286331154,  -286331154,  -286331154,  -286331154,          -1,
                  -1,          -1,          -1,          -1,          -1,
                  -1,          -1,          -1,          -1,          -1,
                  -1,          -1,          -1,          -1,          -1,
                  -1,          -1,  -286331154,  -286331154,  -286331154,
          -286331154,  -286331154,  -286331154,  -286331154,  -286331154,
          -286331154,  -286331154,  -286331154,  -286331154,  -286331154,
          -286331154,          -1,          -1,          -1,          -1,
                  -1,          -1,          -1,          -1,          -1,
                  -1,          -1,          -1,          -1,          -1,
                  -1,          -1,          -1,          -1]], device='cuda:0',
       dtype=torch.int32)
torch.Size([4, 64]) torch.int32
Stride between consecutive rows in B: 256 bytes
Stride between consecutive columns in B: 4 bytes
B
First 4 rows as int32:
[-2004318072 -2004318072 -2004318072 -2004318072 -2004318072 -2004318072
 -2004318072 -2004318072 -2004318072 -2004318072 -1717986919 -1717986919
 -1717986919 -1717986919 -1717986919 -1717986919 -1717986919 -1717986919
 -1717986919 -1717986919 -1717986919 -1717986919 -1717986919 -1717986919
 -1717986919 -1717986919 -1431655766 -1431655766 -1431655766 -1431655766
 -1431655766 -1431655766 -2004318072 -2004318072 -2004318072 -2004318072
 -2004318072 -2004318072 -2004318072 -2004318072 -2004318072 -2004318072
 -1717986919 -1717986919 -1717986919 -1717986919 -1717986919 -1717986919
 -1717986919 -1717986919 -1717986919 -1717986919 -1717986919 -1717986919
 -1717986919 -1717986919 -1717986919 -1717986919 -1431655766 -1431655766
 -1431655766 -1431655766 -1431655766 -1431655766]
[-1431655766 -1431655766 -1431655766 -1431655766 -1431655766 -1431655766
 -1431655766 -1431655766 -1431655766 -1431655766 -1431655766 -1431655766
 -1145324613 -1145324613 -1145324613 -1145324613 -1145324613 -1145324613
 -1145324613 -1145324613 -1145324613 -1145324613 -1145324613 -1145324613
 -1145324613 -1145324613 -1145324613 -1145324613  -858993460  -858993460
  -858993460  -858993460 -1431655766 -1431655766 -1431655766 -1431655766
 -1431655766 -1431655766 -1431655766 -1431655766 -1431655766 -1431655766
 -1431655766 -1431655766 -1145324613 -1145324613 -1145324613 -1145324613
 -1145324613 -1145324613 -1145324613 -1145324613 -1145324613 -1145324613
 -1145324613 -1145324613 -1145324613 -1145324613 -1145324613 -1145324613
  -858993460  -858993460  -858993460  -858993460]
[-858993460 -858993460 -858993460 -858993460 -858993460 -858993460
 -858993460 -858993460 -858993460 -858993460 -858993460 -858993460
 -572662307 -572662307 -572662307 -572662307 -572662307 -572662307
 -572662307 -572662307 -572662307 -572662307 -572662307 -572662307
 -572662307 -572662307 -572662307 -572662307 -572662307 -572662307
 -286331154 -286331154 -858993460 -858993460 -858993460 -858993460
 -858993460 -858993460 -858993460 -858993460 -858993460 -858993460
 -858993460 -858993460 -572662307 -572662307 -572662307 -572662307
 -572662307 -572662307 -572662307 -572662307 -572662307 -572662307
 -572662307 -572662307 -572662307 -572662307 -572662307 -572662307
 -572662307 -572662307 -286331154 -286331154]
[-286331154 -286331154 -286331154 -286331154 -286331154 -286331154
 -286331154 -286331154 -286331154 -286331154 -286331154 -286331154
 -286331154 -286331154         -1         -1         -1         -1
         -1         -1         -1         -1         -1         -1
         -1         -1         -1         -1         -1         -1
         -1         -1 -286331154 -286331154 -286331154 -286331154
 -286331154 -286331154 -286331154 -286331154 -286331154 -286331154
 -286331154 -286331154 -286331154 -286331154         -1         -1
         -1         -1         -1         -1         -1         -1
         -1         -1         -1         -1         -1         -1
         -1         -1         -1         -1]

Row 0:
0, 0: int32 -2004318072 -> int4s: [np.int32(8), np.int32(8), np.int32(8), np.int32(8), np.int32(8), np.int32(8), np.int32(8), np.int32(8)]
0, 1: int32 -2004318072 -> int4s: [np.int32(8), np.int32(8), np.int32(8), np.int32(8), np.int32(8), np.int32(8), np.int32(8), np.int32(8)]
0, 2: int32 -2004318072 -> int4s: [np.int32(8), np.int32(8), np.int32(8), np.int32(8), np.int32(8), np.int32(8), np.int32(8), np.int32(8)]
0, 3: int32 -2004318072 -> int4s: [np.int32(8), np.int32(8), np.int32(8), np.int32(8), np.int32(8), np.int32(8), np.int32(8), np.int32(8)]
0, 4: int32 -2004318072 -> int4s: [np.int32(8), np.int32(8), np.int32(8), np.int32(8), np.int32(8), np.int32(8), np.int32(8), np.int32(8)]
0, 5: int32 -2004318072 -> int4s: [np.int32(8), np.int32(8), np.int32(8), np.int32(8), np.int32(8), np.int32(8), np.int32(8), np.int32(8)]
0, 6: int32 -2004318072 -> int4s: [np.int32(8), np.int32(8), np.int32(8), np.int32(8), np.int32(8), np.int32(8), np.int32(8), np.int32(8)]
0, 7: int32 -2004318072 -> int4s: [np.int32(8), np.int32(8), np.int32(8), np.int32(8), np.int32(8), np.int32(8), np.int32(8), np.int32(8)]
0, 8: int32 -2004318072 -> int4s: [np.int32(8), np.int32(8), np.int32(8), np.int32(8), np.int32(8), np.int32(8), np.int32(8), np.int32(8)]
0, 9: int32 -2004318072 -> int4s: [np.int32(8), np.int32(8), np.int32(8), np.int32(8), np.int32(8), np.int32(8), np.int32(8), np.int32(8)]
0, 10: int32 -1717986919 -> int4s: [np.int32(9), np.int32(9), np.int32(9), np.int32(9), np.int32(9), np.int32(9), np.int32(9), np.int32(9)]
0, 11: int32 -1717986919 -> int4s: [np.int32(9), np.int32(9), np.int32(9), np.int32(9), np.int32(9), np.int32(9), np.int32(9), np.int32(9)]
0, 12: int32 -1717986919 -> int4s: [np.int32(9), np.int32(9), np.int32(9), np.int32(9), np.int32(9), np.int32(9), np.int32(9), np.int32(9)]
0, 13: int32 -1717986919 -> int4s: [np.int32(9), np.int32(9), np.int32(9), np.int32(9), np.int32(9), np.int32(9), np.int32(9), np.int32(9)]
0, 14: int32 -1717986919 -> int4s: [np.int32(9), np.int32(9), np.int32(9), np.int32(9), np.int32(9), np.int32(9), np.int32(9), np.int32(9)]
0, 15: int32 -1717986919 -> int4s: [np.int32(9), np.int32(9), np.int32(9), np.int32(9), np.int32(9), np.int32(9), np.int32(9), np.int32(9)]
0, 16: int32 -1717986919 -> int4s: [np.int32(9), np.int32(9), np.int32(9), np.int32(9), np.int32(9), np.int32(9), np.int32(9), np.int32(9)]
0, 17: int32 -1717986919 -> int4s: [np.int32(9), np.int32(9), np.int32(9), np.int32(9), np.int32(9), np.int32(9), np.int32(9), np.int32(9)]
0, 18: int32 -1717986919 -> int4s: [np.int32(9), np.int32(9), np.int32(9), np.int32(9), np.int32(9), np.int32(9), np.int32(9), np.int32(9)]
0, 19: int32 -1717986919 -> int4s: [np.int32(9), np.int32(9), np.int32(9), np.int32(9), np.int32(9), np.int32(9), np.int32(9), np.int32(9)]
0, 20: int32 -1717986919 -> int4s: [np.int32(9), np.int32(9), np.int32(9), np.int32(9), np.int32(9), np.int32(9), np.int32(9), np.int32(9)]
0, 21: int32 -1717986919 -> int4s: [np.int32(9), np.int32(9), np.int32(9), np.int32(9), np.int32(9), np.int32(9), np.int32(9), np.int32(9)]
0, 22: int32 -1717986919 -> int4s: [np.int32(9), np.int32(9), np.int32(9), np.int32(9), np.int32(9), np.int32(9), np.int32(9), np.int32(9)]
0, 23: int32 -1717986919 -> int4s: [np.int32(9), np.int32(9), np.int32(9), np.int32(9), np.int32(9), np.int32(9), np.int32(9), np.int32(9)]
0, 24: int32 -1717986919 -> int4s: [np.int32(9), np.int32(9), np.int32(9), np.int32(9), np.int32(9), np.int32(9), np.int32(9), np.int32(9)]
0, 25: int32 -1717986919 -> int4s: [np.int32(9), np.int32(9), np.int32(9), np.int32(9), np.int32(9), np.int32(9), np.int32(9), np.int32(9)]
0, 26: int32 -1431655766 -> int4s: [np.int32(10), np.int32(10), np.int32(10), np.int32(10), np.int32(10), np.int32(10), np.int32(10), np.int32(10)]
0, 27: int32 -1431655766 -> int4s: [np.int32(10), np.int32(10), np.int32(10), np.int32(10), np.int32(10), np.int32(10), np.int32(10), np.int32(10)]
0, 28: int32 -1431655766 -> int4s: [np.int32(10), np.int32(10), np.int32(10), np.int32(10), np.int32(10), np.int32(10), np.int32(10), np.int32(10)]
0, 29: int32 -1431655766 -> int4s: [np.int32(10), np.int32(10), np.int32(10), np.int32(10), np.int32(10), np.int32(10), np.int32(10), np.int32(10)]
0, 30: int32 -1431655766 -> int4s: [np.int32(10), np.int32(10), np.int32(10), np.int32(10), np.int32(10), np.int32(10), np.int32(10), np.int32(10)]
0, 31: int32 -1431655766 -> int4s: [np.int32(10), np.int32(10), np.int32(10), np.int32(10), np.int32(10), np.int32(10), np.int32(10), np.int32(10)]
0, 32: int32 -2004318072 -> int4s: [np.int32(8), np.int32(8), np.int32(8), np.int32(8), np.int32(8), np.int32(8), np.int32(8), np.int32(8)]
0, 33: int32 -2004318072 -> int4s: [np.int32(8), np.int32(8), np.int32(8), np.int32(8), np.int32(8), np.int32(8), np.int32(8), np.int32(8)]
0, 34: int32 -2004318072 -> int4s: [np.int32(8), np.int32(8), np.int32(8), np.int32(8), np.int32(8), np.int32(8), np.int32(8), np.int32(8)]
0, 35: int32 -2004318072 -> int4s: [np.int32(8), np.int32(8), np.int32(8), np.int32(8), np.int32(8), np.int32(8), np.int32(8), np.int32(8)]
0, 36: int32 -2004318072 -> int4s: [np.int32(8), np.int32(8), np.int32(8), np.int32(8), np.int32(8), np.int32(8), np.int32(8), np.int32(8)]
0, 37: int32 -2004318072 -> int4s: [np.int32(8), np.int32(8), np.int32(8), np.int32(8), np.int32(8), np.int32(8), np.int32(8), np.int32(8)]
0, 38: int32 -2004318072 -> int4s: [np.int32(8), np.int32(8), np.int32(8), np.int32(8), np.int32(8), np.int32(8), np.int32(8), np.int32(8)]
0, 39: int32 -2004318072 -> int4s: [np.int32(8), np.int32(8), np.int32(8), np.int32(8), np.int32(8), np.int32(8), np.int32(8), np.int32(8)]
0, 40: int32 -2004318072 -> int4s: [np.int32(8), np.int32(8), np.int32(8), np.int32(8), np.int32(8), np.int32(8), np.int32(8), np.int32(8)]
0, 41: int32 -2004318072 -> int4s: [np.int32(8), np.int32(8), np.int32(8), np.int32(8), np.int32(8), np.int32(8), np.int32(8), np.int32(8)]
0, 42: int32 -1717986919 -> int4s: [np.int32(9), np.int32(9), np.int32(9), np.int32(9), np.int32(9), np.int32(9), np.int32(9), np.int32(9)]
0, 43: int32 -1717986919 -> int4s: [np.int32(9), np.int32(9), np.int32(9), np.int32(9), np.int32(9), np.int32(9), np.int32(9), np.int32(9)]
0, 44: int32 -1717986919 -> int4s: [np.int32(9), np.int32(9), np.int32(9), np.int32(9), np.int32(9), np.int32(9), np.int32(9), np.int32(9)]
0, 45: int32 -1717986919 -> int4s: [np.int32(9), np.int32(9), np.int32(9), np.int32(9), np.int32(9), np.int32(9), np.int32(9), np.int32(9)]
0, 46: int32 -1717986919 -> int4s: [np.int32(9), np.int32(9), np.int32(9), np.int32(9), np.int32(9), np.int32(9), np.int32(9), np.int32(9)]
0, 47: int32 -1717986919 -> int4s: [np.int32(9), np.int32(9), np.int32(9), np.int32(9), np.int32(9), np.int32(9), np.int32(9), np.int32(9)]
0, 48: int32 -1717986919 -> int4s: [np.int32(9), np.int32(9), np.int32(9), np.int32(9), np.int32(9), np.int32(9), np.int32(9), np.int32(9)]
0, 49: int32 -1717986919 -> int4s: [np.int32(9), np.int32(9), np.int32(9), np.int32(9), np.int32(9), np.int32(9), np.int32(9), np.int32(9)]
0, 50: int32 -1717986919 -> int4s: [np.int32(9), np.int32(9), np.int32(9), np.int32(9), np.int32(9), np.int32(9), np.int32(9), np.int32(9)]
0, 51: int32 -1717986919 -> int4s: [np.int32(9), np.int32(9), np.int32(9), np.int32(9), np.int32(9), np.int32(9), np.int32(9), np.int32(9)]
0, 52: int32 -1717986919 -> int4s: [np.int32(9), np.int32(9), np.int32(9), np.int32(9), np.int32(9), np.int32(9), np.int32(9), np.int32(9)]
0, 53: int32 -1717986919 -> int4s: [np.int32(9), np.int32(9), np.int32(9), np.int32(9), np.int32(9), np.int32(9), np.int32(9), np.int32(9)]
0, 54: int32 -1717986919 -> int4s: [np.int32(9), np.int32(9), np.int32(9), np.int32(9), np.int32(9), np.int32(9), np.int32(9), np.int32(9)]
0, 55: int32 -1717986919 -> int4s: [np.int32(9), np.int32(9), np.int32(9), np.int32(9), np.int32(9), np.int32(9), np.int32(9), np.int32(9)]
0, 56: int32 -1717986919 -> int4s: [np.int32(9), np.int32(9), np.int32(9), np.int32(9), np.int32(9), np.int32(9), np.int32(9), np.int32(9)]
0, 57: int32 -1717986919 -> int4s: [np.int32(9), np.int32(9), np.int32(9), np.int32(9), np.int32(9), np.int32(9), np.int32(9), np.int32(9)]
0, 58: int32 -1431655766 -> int4s: [np.int32(10), np.int32(10), np.int32(10), np.int32(10), np.int32(10), np.int32(10), np.int32(10), np.int32(10)]
0, 59: int32 -1431655766 -> int4s: [np.int32(10), np.int32(10), np.int32(10), np.int32(10), np.int32(10), np.int32(10), np.int32(10), np.int32(10)]
0, 60: int32 -1431655766 -> int4s: [np.int32(10), np.int32(10), np.int32(10), np.int32(10), np.int32(10), np.int32(10), np.int32(10), np.int32(10)]
0, 61: int32 -1431655766 -> int4s: [np.int32(10), np.int32(10), np.int32(10), np.int32(10), np.int32(10), np.int32(10), np.int32(10), np.int32(10)]
0, 62: int32 -1431655766 -> int4s: [np.int32(10), np.int32(10), np.int32(10), np.int32(10), np.int32(10), np.int32(10), np.int32(10), np.int32(10)]
0, 63: int32 -1431655766 -> int4s: [np.int32(10), np.int32(10), np.int32(10), np.int32(10), np.int32(10), np.int32(10), np.int32(10), np.int32(10)]

Row 1:
1, 0: int32 -1431655766 -> int4s: [np.int32(10), np.int32(10), np.int32(10), np.int32(10), np.int32(10), np.int32(10), np.int32(10), np.int32(10)]
1, 1: int32 -1431655766 -> int4s: [np.int32(10), np.int32(10), np.int32(10), np.int32(10), np.int32(10), np.int32(10), np.int32(10), np.int32(10)]
1, 2: int32 -1431655766 -> int4s: [np.int32(10), np.int32(10), np.int32(10), np.int32(10), np.int32(10), np.int32(10), np.int32(10), np.int32(10)]
1, 3: int32 -1431655766 -> int4s: [np.int32(10), np.int32(10), np.int32(10), np.int32(10), np.int32(10), np.int32(10), np.int32(10), np.int32(10)]
1, 4: int32 -1431655766 -> int4s: [np.int32(10), np.int32(10), np.int32(10), np.int32(10), np.int32(10), np.int32(10), np.int32(10), np.int32(10)]
1, 5: int32 -1431655766 -> int4s: [np.int32(10), np.int32(10), np.int32(10), np.int32(10), np.int32(10), np.int32(10), np.int32(10), np.int32(10)]
1, 6: int32 -1431655766 -> int4s: [np.int32(10), np.int32(10), np.int32(10), np.int32(10), np.int32(10), np.int32(10), np.int32(10), np.int32(10)]
1, 7: int32 -1431655766 -> int4s: [np.int32(10), np.int32(10), np.int32(10), np.int32(10), np.int32(10), np.int32(10), np.int32(10), np.int32(10)]
1, 8: int32 -1431655766 -> int4s: [np.int32(10), np.int32(10), np.int32(10), np.int32(10), np.int32(10), np.int32(10), np.int32(10), np.int32(10)]
1, 9: int32 -1431655766 -> int4s: [np.int32(10), np.int32(10), np.int32(10), np.int32(10), np.int32(10), np.int32(10), np.int32(10), np.int32(10)]
1, 10: int32 -1431655766 -> int4s: [np.int32(10), np.int32(10), np.int32(10), np.int32(10), np.int32(10), np.int32(10), np.int32(10), np.int32(10)]
1, 11: int32 -1431655766 -> int4s: [np.int32(10), np.int32(10), np.int32(10), np.int32(10), np.int32(10), np.int32(10), np.int32(10), np.int32(10)]
1, 12: int32 -1145324613 -> int4s: [np.int32(11), np.int32(11), np.int32(11), np.int32(11), np.int32(11), np.int32(11), np.int32(11), np.int32(11)]
1, 13: int32 -1145324613 -> int4s: [np.int32(11), np.int32(11), np.int32(11), np.int32(11), np.int32(11), np.int32(11), np.int32(11), np.int32(11)]
1, 14: int32 -1145324613 -> int4s: [np.int32(11), np.int32(11), np.int32(11), np.int32(11), np.int32(11), np.int32(11), np.int32(11), np.int32(11)]
1, 15: int32 -1145324613 -> int4s: [np.int32(11), np.int32(11), np.int32(11), np.int32(11), np.int32(11), np.int32(11), np.int32(11), np.int32(11)]
1, 16: int32 -1145324613 -> int4s: [np.int32(11), np.int32(11), np.int32(11), np.int32(11), np.int32(11), np.int32(11), np.int32(11), np.int32(11)]
1, 17: int32 -1145324613 -> int4s: [np.int32(11), np.int32(11), np.int32(11), np.int32(11), np.int32(11), np.int32(11), np.int32(11), np.int32(11)]
1, 18: int32 -1145324613 -> int4s: [np.int32(11), np.int32(11), np.int32(11), np.int32(11), np.int32(11), np.int32(11), np.int32(11), np.int32(11)]
1, 19: int32 -1145324613 -> int4s: [np.int32(11), np.int32(11), np.int32(11), np.int32(11), np.int32(11), np.int32(11), np.int32(11), np.int32(11)]
1, 20: int32 -1145324613 -> int4s: [np.int32(11), np.int32(11), np.int32(11), np.int32(11), np.int32(11), np.int32(11), np.int32(11), np.int32(11)]
1, 21: int32 -1145324613 -> int4s: [np.int32(11), np.int32(11), np.int32(11), np.int32(11), np.int32(11), np.int32(11), np.int32(11), np.int32(11)]
1, 22: int32 -1145324613 -> int4s: [np.int32(11), np.int32(11), np.int32(11), np.int32(11), np.int32(11), np.int32(11), np.int32(11), np.int32(11)]
1, 23: int32 -1145324613 -> int4s: [np.int32(11), np.int32(11), np.int32(11), np.int32(11), np.int32(11), np.int32(11), np.int32(11), np.int32(11)]
1, 24: int32 -1145324613 -> int4s: [np.int32(11), np.int32(11), np.int32(11), np.int32(11), np.int32(11), np.int32(11), np.int32(11), np.int32(11)]
1, 25: int32 -1145324613 -> int4s: [np.int32(11), np.int32(11), np.int32(11), np.int32(11), np.int32(11), np.int32(11), np.int32(11), np.int32(11)]
1, 26: int32 -1145324613 -> int4s: [np.int32(11), np.int32(11), np.int32(11), np.int32(11), np.int32(11), np.int32(11), np.int32(11), np.int32(11)]
1, 27: int32 -1145324613 -> int4s: [np.int32(11), np.int32(11), np.int32(11), np.int32(11), np.int32(11), np.int32(11), np.int32(11), np.int32(11)]
1, 28: int32 -858993460 -> int4s: [np.int32(12), np.int32(12), np.int32(12), np.int32(12), np.int32(12), np.int32(12), np.int32(12), np.int32(12)]
1, 29: int32 -858993460 -> int4s: [np.int32(12), np.int32(12), np.int32(12), np.int32(12), np.int32(12), np.int32(12), np.int32(12), np.int32(12)]
1, 30: int32 -858993460 -> int4s: [np.int32(12), np.int32(12), np.int32(12), np.int32(12), np.int32(12), np.int32(12), np.int32(12), np.int32(12)]
1, 31: int32 -858993460 -> int4s: [np.int32(12), np.int32(12), np.int32(12), np.int32(12), np.int32(12), np.int32(12), np.int32(12), np.int32(12)]
1, 32: int32 -1431655766 -> int4s: [np.int32(10), np.int32(10), np.int32(10), np.int32(10), np.int32(10), np.int32(10), np.int32(10), np.int32(10)]
1, 33: int32 -1431655766 -> int4s: [np.int32(10), np.int32(10), np.int32(10), np.int32(10), np.int32(10), np.int32(10), np.int32(10), np.int32(10)]
1, 34: int32 -1431655766 -> int4s: [np.int32(10), np.int32(10), np.int32(10), np.int32(10), np.int32(10), np.int32(10), np.int32(10), np.int32(10)]
1, 35: int32 -1431655766 -> int4s: [np.int32(10), np.int32(10), np.int32(10), np.int32(10), np.int32(10), np.int32(10), np.int32(10), np.int32(10)]
1, 36: int32 -1431655766 -> int4s: [np.int32(10), np.int32(10), np.int32(10), np.int32(10), np.int32(10), np.int32(10), np.int32(10), np.int32(10)]
1, 37: int32 -1431655766 -> int4s: [np.int32(10), np.int32(10), np.int32(10), np.int32(10), np.int32(10), np.int32(10), np.int32(10), np.int32(10)]
1, 38: int32 -1431655766 -> int4s: [np.int32(10), np.int32(10), np.int32(10), np.int32(10), np.int32(10), np.int32(10), np.int32(10), np.int32(10)]
1, 39: int32 -1431655766 -> int4s: [np.int32(10), np.int32(10), np.int32(10), np.int32(10), np.int32(10), np.int32(10), np.int32(10), np.int32(10)]
1, 40: int32 -1431655766 -> int4s: [np.int32(10), np.int32(10), np.int32(10), np.int32(10), np.int32(10), np.int32(10), np.int32(10), np.int32(10)]
1, 41: int32 -1431655766 -> int4s: [np.int32(10), np.int32(10), np.int32(10), np.int32(10), np.int32(10), np.int32(10), np.int32(10), np.int32(10)]
1, 42: int32 -1431655766 -> int4s: [np.int32(10), np.int32(10), np.int32(10), np.int32(10), np.int32(10), np.int32(10), np.int32(10), np.int32(10)]
1, 43: int32 -1431655766 -> int4s: [np.int32(10), np.int32(10), np.int32(10), np.int32(10), np.int32(10), np.int32(10), np.int32(10), np.int32(10)]
1, 44: int32 -1145324613 -> int4s: [np.int32(11), np.int32(11), np.int32(11), np.int32(11), np.int32(11), np.int32(11), np.int32(11), np.int32(11)]
1, 45: int32 -1145324613 -> int4s: [np.int32(11), np.int32(11), np.int32(11), np.int32(11), np.int32(11), np.int32(11), np.int32(11), np.int32(11)]
1, 46: int32 -1145324613 -> int4s: [np.int32(11), np.int32(11), np.int32(11), np.int32(11), np.int32(11), np.int32(11), np.int32(11), np.int32(11)]
1, 47: int32 -1145324613 -> int4s: [np.int32(11), np.int32(11), np.int32(11), np.int32(11), np.int32(11), np.int32(11), np.int32(11), np.int32(11)]
1, 48: int32 -1145324613 -> int4s: [np.int32(11), np.int32(11), np.int32(11), np.int32(11), np.int32(11), np.int32(11), np.int32(11), np.int32(11)]
1, 49: int32 -1145324613 -> int4s: [np.int32(11), np.int32(11), np.int32(11), np.int32(11), np.int32(11), np.int32(11), np.int32(11), np.int32(11)]
1, 50: int32 -1145324613 -> int4s: [np.int32(11), np.int32(11), np.int32(11), np.int32(11), np.int32(11), np.int32(11), np.int32(11), np.int32(11)]
1, 51: int32 -1145324613 -> int4s: [np.int32(11), np.int32(11), np.int32(11), np.int32(11), np.int32(11), np.int32(11), np.int32(11), np.int32(11)]
1, 52: int32 -1145324613 -> int4s: [np.int32(11), np.int32(11), np.int32(11), np.int32(11), np.int32(11), np.int32(11), np.int32(11), np.int32(11)]
1, 53: int32 -1145324613 -> int4s: [np.int32(11), np.int32(11), np.int32(11), np.int32(11), np.int32(11), np.int32(11), np.int32(11), np.int32(11)]
1, 54: int32 -1145324613 -> int4s: [np.int32(11), np.int32(11), np.int32(11), np.int32(11), np.int32(11), np.int32(11), np.int32(11), np.int32(11)]
1, 55: int32 -1145324613 -> int4s: [np.int32(11), np.int32(11), np.int32(11), np.int32(11), np.int32(11), np.int32(11), np.int32(11), np.int32(11)]
1, 56: int32 -1145324613 -> int4s: [np.int32(11), np.int32(11), np.int32(11), np.int32(11), np.int32(11), np.int32(11), np.int32(11), np.int32(11)]
1, 57: int32 -1145324613 -> int4s: [np.int32(11), np.int32(11), np.int32(11), np.int32(11), np.int32(11), np.int32(11), np.int32(11), np.int32(11)]
1, 58: int32 -1145324613 -> int4s: [np.int32(11), np.int32(11), np.int32(11), np.int32(11), np.int32(11), np.int32(11), np.int32(11), np.int32(11)]
1, 59: int32 -1145324613 -> int4s: [np.int32(11), np.int32(11), np.int32(11), np.int32(11), np.int32(11), np.int32(11), np.int32(11), np.int32(11)]
1, 60: int32 -858993460 -> int4s: [np.int32(12), np.int32(12), np.int32(12), np.int32(12), np.int32(12), np.int32(12), np.int32(12), np.int32(12)]
1, 61: int32 -858993460 -> int4s: [np.int32(12), np.int32(12), np.int32(12), np.int32(12), np.int32(12), np.int32(12), np.int32(12), np.int32(12)]
1, 62: int32 -858993460 -> int4s: [np.int32(12), np.int32(12), np.int32(12), np.int32(12), np.int32(12), np.int32(12), np.int32(12), np.int32(12)]
1, 63: int32 -858993460 -> int4s: [np.int32(12), np.int32(12), np.int32(12), np.int32(12), np.int32(12), np.int32(12), np.int32(12), np.int32(12)]

Row 2:
2, 0: int32 -858993460 -> int4s: [np.int32(12), np.int32(12), np.int32(12), np.int32(12), np.int32(12), np.int32(12), np.int32(12), np.int32(12)]
2, 1: int32 -858993460 -> int4s: [np.int32(12), np.int32(12), np.int32(12), np.int32(12), np.int32(12), np.int32(12), np.int32(12), np.int32(12)]
2, 2: int32 -858993460 -> int4s: [np.int32(12), np.int32(12), np.int32(12), np.int32(12), np.int32(12), np.int32(12), np.int32(12), np.int32(12)]
2, 3: int32 -858993460 -> int4s: [np.int32(12), np.int32(12), np.int32(12), np.int32(12), np.int32(12), np.int32(12), np.int32(12), np.int32(12)]
2, 4: int32 -858993460 -> int4s: [np.int32(12), np.int32(12), np.int32(12), np.int32(12), np.int32(12), np.int32(12), np.int32(12), np.int32(12)]
2, 5: int32 -858993460 -> int4s: [np.int32(12), np.int32(12), np.int32(12), np.int32(12), np.int32(12), np.int32(12), np.int32(12), np.int32(12)]
2, 6: int32 -858993460 -> int4s: [np.int32(12), np.int32(12), np.int32(12), np.int32(12), np.int32(12), np.int32(12), np.int32(12), np.int32(12)]
2, 7: int32 -858993460 -> int4s: [np.int32(12), np.int32(12), np.int32(12), np.int32(12), np.int32(12), np.int32(12), np.int32(12), np.int32(12)]
2, 8: int32 -858993460 -> int4s: [np.int32(12), np.int32(12), np.int32(12), np.int32(12), np.int32(12), np.int32(12), np.int32(12), np.int32(12)]
2, 9: int32 -858993460 -> int4s: [np.int32(12), np.int32(12), np.int32(12), np.int32(12), np.int32(12), np.int32(12), np.int32(12), np.int32(12)]
2, 10: int32 -858993460 -> int4s: [np.int32(12), np.int32(12), np.int32(12), np.int32(12), np.int32(12), np.int32(12), np.int32(12), np.int32(12)]
2, 11: int32 -858993460 -> int4s: [np.int32(12), np.int32(12), np.int32(12), np.int32(12), np.int32(12), np.int32(12), np.int32(12), np.int32(12)]
2, 12: int32 -572662307 -> int4s: [np.int32(13), np.int32(13), np.int32(13), np.int32(13), np.int32(13), np.int32(13), np.int32(13), np.int32(13)]
2, 13: int32 -572662307 -> int4s: [np.int32(13), np.int32(13), np.int32(13), np.int32(13), np.int32(13), np.int32(13), np.int32(13), np.int32(13)]
2, 14: int32 -572662307 -> int4s: [np.int32(13), np.int32(13), np.int32(13), np.int32(13), np.int32(13), np.int32(13), np.int32(13), np.int32(13)]
2, 15: int32 -572662307 -> int4s: [np.int32(13), np.int32(13), np.int32(13), np.int32(13), np.int32(13), np.int32(13), np.int32(13), np.int32(13)]
2, 16: int32 -572662307 -> int4s: [np.int32(13), np.int32(13), np.int32(13), np.int32(13), np.int32(13), np.int32(13), np.int32(13), np.int32(13)]
2, 17: int32 -572662307 -> int4s: [np.int32(13), np.int32(13), np.int32(13), np.int32(13), np.int32(13), np.int32(13), np.int32(13), np.int32(13)]
2, 18: int32 -572662307 -> int4s: [np.int32(13), np.int32(13), np.int32(13), np.int32(13), np.int32(13), np.int32(13), np.int32(13), np.int32(13)]
2, 19: int32 -572662307 -> int4s: [np.int32(13), np.int32(13), np.int32(13), np.int32(13), np.int32(13), np.int32(13), np.int32(13), np.int32(13)]
2, 20: int32 -572662307 -> int4s: [np.int32(13), np.int32(13), np.int32(13), np.int32(13), np.int32(13), np.int32(13), np.int32(13), np.int32(13)]
2, 21: int32 -572662307 -> int4s: [np.int32(13), np.int32(13), np.int32(13), np.int32(13), np.int32(13), np.int32(13), np.int32(13), np.int32(13)]
2, 22: int32 -572662307 -> int4s: [np.int32(13), np.int32(13), np.int32(13), np.int32(13), np.int32(13), np.int32(13), np.int32(13), np.int32(13)]
2, 23: int32 -572662307 -> int4s: [np.int32(13), np.int32(13), np.int32(13), np.int32(13), np.int32(13), np.int32(13), np.int32(13), np.int32(13)]
2, 24: int32 -572662307 -> int4s: [np.int32(13), np.int32(13), np.int32(13), np.int32(13), np.int32(13), np.int32(13), np.int32(13), np.int32(13)]
2, 25: int32 -572662307 -> int4s: [np.int32(13), np.int32(13), np.int32(13), np.int32(13), np.int32(13), np.int32(13), np.int32(13), np.int32(13)]
2, 26: int32 -572662307 -> int4s: [np.int32(13), np.int32(13), np.int32(13), np.int32(13), np.int32(13), np.int32(13), np.int32(13), np.int32(13)]
2, 27: int32 -572662307 -> int4s: [np.int32(13), np.int32(13), np.int32(13), np.int32(13), np.int32(13), np.int32(13), np.int32(13), np.int32(13)]
2, 28: int32 -572662307 -> int4s: [np.int32(13), np.int32(13), np.int32(13), np.int32(13), np.int32(13), np.int32(13), np.int32(13), np.int32(13)]
2, 29: int32 -572662307 -> int4s: [np.int32(13), np.int32(13), np.int32(13), np.int32(13), np.int32(13), np.int32(13), np.int32(13), np.int32(13)]
2, 30: int32 -286331154 -> int4s: [np.int32(14), np.int32(14), np.int32(14), np.int32(14), np.int32(14), np.int32(14), np.int32(14), np.int32(14)]
2, 31: int32 -286331154 -> int4s: [np.int32(14), np.int32(14), np.int32(14), np.int32(14), np.int32(14), np.int32(14), np.int32(14), np.int32(14)]
2, 32: int32 -858993460 -> int4s: [np.int32(12), np.int32(12), np.int32(12), np.int32(12), np.int32(12), np.int32(12), np.int32(12), np.int32(12)]
2, 33: int32 -858993460 -> int4s: [np.int32(12), np.int32(12), np.int32(12), np.int32(12), np.int32(12), np.int32(12), np.int32(12), np.int32(12)]
2, 34: int32 -858993460 -> int4s: [np.int32(12), np.int32(12), np.int32(12), np.int32(12), np.int32(12), np.int32(12), np.int32(12), np.int32(12)]
2, 35: int32 -858993460 -> int4s: [np.int32(12), np.int32(12), np.int32(12), np.int32(12), np.int32(12), np.int32(12), np.int32(12), np.int32(12)]
2, 36: int32 -858993460 -> int4s: [np.int32(12), np.int32(12), np.int32(12), np.int32(12), np.int32(12), np.int32(12), np.int32(12), np.int32(12)]
2, 37: int32 -858993460 -> int4s: [np.int32(12), np.int32(12), np.int32(12), np.int32(12), np.int32(12), np.int32(12), np.int32(12), np.int32(12)]
2, 38: int32 -858993460 -> int4s: [np.int32(12), np.int32(12), np.int32(12), np.int32(12), np.int32(12), np.int32(12), np.int32(12), np.int32(12)]
2, 39: int32 -858993460 -> int4s: [np.int32(12), np.int32(12), np.int32(12), np.int32(12), np.int32(12), np.int32(12), np.int32(12), np.int32(12)]
2, 40: int32 -858993460 -> int4s: [np.int32(12), np.int32(12), np.int32(12), np.int32(12), np.int32(12), np.int32(12), np.int32(12), np.int32(12)]
2, 41: int32 -858993460 -> int4s: [np.int32(12), np.int32(12), np.int32(12), np.int32(12), np.int32(12), np.int32(12), np.int32(12), np.int32(12)]
2, 42: int32 -858993460 -> int4s: [np.int32(12), np.int32(12), np.int32(12), np.int32(12), np.int32(12), np.int32(12), np.int32(12), np.int32(12)]
2, 43: int32 -858993460 -> int4s: [np.int32(12), np.int32(12), np.int32(12), np.int32(12), np.int32(12), np.int32(12), np.int32(12), np.int32(12)]
2, 44: int32 -572662307 -> int4s: [np.int32(13), np.int32(13), np.int32(13), np.int32(13), np.int32(13), np.int32(13), np.int32(13), np.int32(13)]
2, 45: int32 -572662307 -> int4s: [np.int32(13), np.int32(13), np.int32(13), np.int32(13), np.int32(13), np.int32(13), np.int32(13), np.int32(13)]
2, 46: int32 -572662307 -> int4s: [np.int32(13), np.int32(13), np.int32(13), np.int32(13), np.int32(13), np.int32(13), np.int32(13), np.int32(13)]
2, 47: int32 -572662307 -> int4s: [np.int32(13), np.int32(13), np.int32(13), np.int32(13), np.int32(13), np.int32(13), np.int32(13), np.int32(13)]
2, 48: int32 -572662307 -> int4s: [np.int32(13), np.int32(13), np.int32(13), np.int32(13), np.int32(13), np.int32(13), np.int32(13), np.int32(13)]
2, 49: int32 -572662307 -> int4s: [np.int32(13), np.int32(13), np.int32(13), np.int32(13), np.int32(13), np.int32(13), np.int32(13), np.int32(13)]
2, 50: int32 -572662307 -> int4s: [np.int32(13), np.int32(13), np.int32(13), np.int32(13), np.int32(13), np.int32(13), np.int32(13), np.int32(13)]
2, 51: int32 -572662307 -> int4s: [np.int32(13), np.int32(13), np.int32(13), np.int32(13), np.int32(13), np.int32(13), np.int32(13), np.int32(13)]
2, 52: int32 -572662307 -> int4s: [np.int32(13), np.int32(13), np.int32(13), np.int32(13), np.int32(13), np.int32(13), np.int32(13), np.int32(13)]
2, 53: int32 -572662307 -> int4s: [np.int32(13), np.int32(13), np.int32(13), np.int32(13), np.int32(13), np.int32(13), np.int32(13), np.int32(13)]
2, 54: int32 -572662307 -> int4s: [np.int32(13), np.int32(13), np.int32(13), np.int32(13), np.int32(13), np.int32(13), np.int32(13), np.int32(13)]
2, 55: int32 -572662307 -> int4s: [np.int32(13), np.int32(13), np.int32(13), np.int32(13), np.int32(13), np.int32(13), np.int32(13), np.int32(13)]
2, 56: int32 -572662307 -> int4s: [np.int32(13), np.int32(13), np.int32(13), np.int32(13), np.int32(13), np.int32(13), np.int32(13), np.int32(13)]
2, 57: int32 -572662307 -> int4s: [np.int32(13), np.int32(13), np.int32(13), np.int32(13), np.int32(13), np.int32(13), np.int32(13), np.int32(13)]
2, 58: int32 -572662307 -> int4s: [np.int32(13), np.int32(13), np.int32(13), np.int32(13), np.int32(13), np.int32(13), np.int32(13), np.int32(13)]
2, 59: int32 -572662307 -> int4s: [np.int32(13), np.int32(13), np.int32(13), np.int32(13), np.int32(13), np.int32(13), np.int32(13), np.int32(13)]
2, 60: int32 -572662307 -> int4s: [np.int32(13), np.int32(13), np.int32(13), np.int32(13), np.int32(13), np.int32(13), np.int32(13), np.int32(13)]
2, 61: int32 -572662307 -> int4s: [np.int32(13), np.int32(13), np.int32(13), np.int32(13), np.int32(13), np.int32(13), np.int32(13), np.int32(13)]
2, 62: int32 -286331154 -> int4s: [np.int32(14), np.int32(14), np.int32(14), np.int32(14), np.int32(14), np.int32(14), np.int32(14), np.int32(14)]
2, 63: int32 -286331154 -> int4s: [np.int32(14), np.int32(14), np.int32(14), np.int32(14), np.int32(14), np.int32(14), np.int32(14), np.int32(14)]

Row 3:
3, 0: int32 -286331154 -> int4s: [np.int32(14), np.int32(14), np.int32(14), np.int32(14), np.int32(14), np.int32(14), np.int32(14), np.int32(14)]
3, 1: int32 -286331154 -> int4s: [np.int32(14), np.int32(14), np.int32(14), np.int32(14), np.int32(14), np.int32(14), np.int32(14), np.int32(14)]
3, 2: int32 -286331154 -> int4s: [np.int32(14), np.int32(14), np.int32(14), np.int32(14), np.int32(14), np.int32(14), np.int32(14), np.int32(14)]
3, 3: int32 -286331154 -> int4s: [np.int32(14), np.int32(14), np.int32(14), np.int32(14), np.int32(14), np.int32(14), np.int32(14), np.int32(14)]
3, 4: int32 -286331154 -> int4s: [np.int32(14), np.int32(14), np.int32(14), np.int32(14), np.int32(14), np.int32(14), np.int32(14), np.int32(14)]
3, 5: int32 -286331154 -> int4s: [np.int32(14), np.int32(14), np.int32(14), np.int32(14), np.int32(14), np.int32(14), np.int32(14), np.int32(14)]
3, 6: int32 -286331154 -> int4s: [np.int32(14), np.int32(14), np.int32(14), np.int32(14), np.int32(14), np.int32(14), np.int32(14), np.int32(14)]
3, 7: int32 -286331154 -> int4s: [np.int32(14), np.int32(14), np.int32(14), np.int32(14), np.int32(14), np.int32(14), np.int32(14), np.int32(14)]
3, 8: int32 -286331154 -> int4s: [np.int32(14), np.int32(14), np.int32(14), np.int32(14), np.int32(14), np.int32(14), np.int32(14), np.int32(14)]
3, 9: int32 -286331154 -> int4s: [np.int32(14), np.int32(14), np.int32(14), np.int32(14), np.int32(14), np.int32(14), np.int32(14), np.int32(14)]
3, 10: int32 -286331154 -> int4s: [np.int32(14), np.int32(14), np.int32(14), np.int32(14), np.int32(14), np.int32(14), np.int32(14), np.int32(14)]
3, 11: int32 -286331154 -> int4s: [np.int32(14), np.int32(14), np.int32(14), np.int32(14), np.int32(14), np.int32(14), np.int32(14), np.int32(14)]
3, 12: int32 -286331154 -> int4s: [np.int32(14), np.int32(14), np.int32(14), np.int32(14), np.int32(14), np.int32(14), np.int32(14), np.int32(14)]
3, 13: int32 -286331154 -> int4s: [np.int32(14), np.int32(14), np.int32(14), np.int32(14), np.int32(14), np.int32(14), np.int32(14), np.int32(14)]
3, 14: int32 -1 -> int4s: [np.int32(15), np.int32(15), np.int32(15), np.int32(15), np.int32(15), np.int32(15), np.int32(15), np.int32(15)]
3, 15: int32 -1 -> int4s: [np.int32(15), np.int32(15), np.int32(15), np.int32(15), np.int32(15), np.int32(15), np.int32(15), np.int32(15)]
3, 16: int32 -1 -> int4s: [np.int32(15), np.int32(15), np.int32(15), np.int32(15), np.int32(15), np.int32(15), np.int32(15), np.int32(15)]
3, 17: int32 -1 -> int4s: [np.int32(15), np.int32(15), np.int32(15), np.int32(15), np.int32(15), np.int32(15), np.int32(15), np.int32(15)]
3, 18: int32 -1 -> int4s: [np.int32(15), np.int32(15), np.int32(15), np.int32(15), np.int32(15), np.int32(15), np.int32(15), np.int32(15)]
3, 19: int32 -1 -> int4s: [np.int32(15), np.int32(15), np.int32(15), np.int32(15), np.int32(15), np.int32(15), np.int32(15), np.int32(15)]
3, 20: int32 -1 -> int4s: [np.int32(15), np.int32(15), np.int32(15), np.int32(15), np.int32(15), np.int32(15), np.int32(15), np.int32(15)]
3, 21: int32 -1 -> int4s: [np.int32(15), np.int32(15), np.int32(15), np.int32(15), np.int32(15), np.int32(15), np.int32(15), np.int32(15)]
3, 22: int32 -1 -> int4s: [np.int32(15), np.int32(15), np.int32(15), np.int32(15), np.int32(15), np.int32(15), np.int32(15), np.int32(15)]
3, 23: int32 -1 -> int4s: [np.int32(15), np.int32(15), np.int32(15), np.int32(15), np.int32(15), np.int32(15), np.int32(15), np.int32(15)]
3, 24: int32 -1 -> int4s: [np.int32(15), np.int32(15), np.int32(15), np.int32(15), np.int32(15), np.int32(15), np.int32(15), np.int32(15)]
3, 25: int32 -1 -> int4s: [np.int32(15), np.int32(15), np.int32(15), np.int32(15), np.int32(15), np.int32(15), np.int32(15), np.int32(15)]
3, 26: int32 -1 -> int4s: [np.int32(15), np.int32(15), np.int32(15), np.int32(15), np.int32(15), np.int32(15), np.int32(15), np.int32(15)]
3, 27: int32 -1 -> int4s: [np.int32(15), np.int32(15), np.int32(15), np.int32(15), np.int32(15), np.int32(15), np.int32(15), np.int32(15)]
3, 28: int32 -1 -> int4s: [np.int32(15), np.int32(15), np.int32(15), np.int32(15), np.int32(15), np.int32(15), np.int32(15), np.int32(15)]
3, 29: int32 -1 -> int4s: [np.int32(15), np.int32(15), np.int32(15), np.int32(15), np.int32(15), np.int32(15), np.int32(15), np.int32(15)]
3, 30: int32 -1 -> int4s: [np.int32(15), np.int32(15), np.int32(15), np.int32(15), np.int32(15), np.int32(15), np.int32(15), np.int32(15)]
3, 31: int32 -1 -> int4s: [np.int32(15), np.int32(15), np.int32(15), np.int32(15), np.int32(15), np.int32(15), np.int32(15), np.int32(15)]
3, 32: int32 -286331154 -> int4s: [np.int32(14), np.int32(14), np.int32(14), np.int32(14), np.int32(14), np.int32(14), np.int32(14), np.int32(14)]
3, 33: int32 -286331154 -> int4s: [np.int32(14), np.int32(14), np.int32(14), np.int32(14), np.int32(14), np.int32(14), np.int32(14), np.int32(14)]
3, 34: int32 -286331154 -> int4s: [np.int32(14), np.int32(14), np.int32(14), np.int32(14), np.int32(14), np.int32(14), np.int32(14), np.int32(14)]
3, 35: int32 -286331154 -> int4s: [np.int32(14), np.int32(14), np.int32(14), np.int32(14), np.int32(14), np.int32(14), np.int32(14), np.int32(14)]
3, 36: int32 -286331154 -> int4s: [np.int32(14), np.int32(14), np.int32(14), np.int32(14), np.int32(14), np.int32(14), np.int32(14), np.int32(14)]
3, 37: int32 -286331154 -> int4s: [np.int32(14), np.int32(14), np.int32(14), np.int32(14), np.int32(14), np.int32(14), np.int32(14), np.int32(14)]
3, 38: int32 -286331154 -> int4s: [np.int32(14), np.int32(14), np.int32(14), np.int32(14), np.int32(14), np.int32(14), np.int32(14), np.int32(14)]
..
----------------------------------------------------------------------
Ran 6 tests in 1.296s

OK
3, 39: int32 -286331154 -> int4s: [np.int32(14), np.int32(14), np.int32(14), np.int32(14), np.int32(14), np.int32(14), np.int32(14), np.int32(14)]
3, 40: int32 -286331154 -> int4s: [np.int32(14), np.int32(14), np.int32(14), np.int32(14), np.int32(14), np.int32(14), np.int32(14), np.int32(14)]
3, 41: int32 -286331154 -> int4s: [np.int32(14), np.int32(14), np.int32(14), np.int32(14), np.int32(14), np.int32(14), np.int32(14), np.int32(14)]
3, 42: int32 -286331154 -> int4s: [np.int32(14), np.int32(14), np.int32(14), np.int32(14), np.int32(14), np.int32(14), np.int32(14), np.int32(14)]
3, 43: int32 -286331154 -> int4s: [np.int32(14), np.int32(14), np.int32(14), np.int32(14), np.int32(14), np.int32(14), np.int32(14), np.int32(14)]
3, 44: int32 -286331154 -> int4s: [np.int32(14), np.int32(14), np.int32(14), np.int32(14), np.int32(14), np.int32(14), np.int32(14), np.int32(14)]
3, 45: int32 -286331154 -> int4s: [np.int32(14), np.int32(14), np.int32(14), np.int32(14), np.int32(14), np.int32(14), np.int32(14), np.int32(14)]
3, 46: int32 -1 -> int4s: [np.int32(15), np.int32(15), np.int32(15), np.int32(15), np.int32(15), np.int32(15), np.int32(15), np.int32(15)]
3, 47: int32 -1 -> int4s: [np.int32(15), np.int32(15), np.int32(15), np.int32(15), np.int32(15), np.int32(15), np.int32(15), np.int32(15)]
3, 48: int32 -1 -> int4s: [np.int32(15), np.int32(15), np.int32(15), np.int32(15), np.int32(15), np.int32(15), np.int32(15), np.int32(15)]
3, 49: int32 -1 -> int4s: [np.int32(15), np.int32(15), np.int32(15), np.int32(15), np.int32(15), np.int32(15), np.int32(15), np.int32(15)]
3, 50: int32 -1 -> int4s: [np.int32(15), np.int32(15), np.int32(15), np.int32(15), np.int32(15), np.int32(15), np.int32(15), np.int32(15)]
3, 51: int32 -1 -> int4s: [np.int32(15), np.int32(15), np.int32(15), np.int32(15), np.int32(15), np.int32(15), np.int32(15), np.int32(15)]
3, 52: int32 -1 -> int4s: [np.int32(15), np.int32(15), np.int32(15), np.int32(15), np.int32(15), np.int32(15), np.int32(15), np.int32(15)]
3, 53: int32 -1 -> int4s: [np.int32(15), np.int32(15), np.int32(15), np.int32(15), np.int32(15), np.int32(15), np.int32(15), np.int32(15)]
3, 54: int32 -1 -> int4s: [np.int32(15), np.int32(15), np.int32(15), np.int32(15), np.int32(15), np.int32(15), np.int32(15), np.int32(15)]
3, 55: int32 -1 -> int4s: [np.int32(15), np.int32(15), np.int32(15), np.int32(15), np.int32(15), np.int32(15), np.int32(15), np.int32(15)]
3, 56: int32 -1 -> int4s: [np.int32(15), np.int32(15), np.int32(15), np.int32(15), np.int32(15), np.int32(15), np.int32(15), np.int32(15)]
3, 57: int32 -1 -> int4s: [np.int32(15), np.int32(15), np.int32(15), np.int32(15), np.int32(15), np.int32(15), np.int32(15), np.int32(15)]
3, 58: int32 -1 -> int4s: [np.int32(15), np.int32(15), np.int32(15), np.int32(15), np.int32(15), np.int32(15), np.int32(15), np.int32(15)]
3, 59: int32 -1 -> int4s: [np.int32(15), np.int32(15), np.int32(15), np.int32(15), np.int32(15), np.int32(15), np.int32(15), np.int32(15)]
3, 60: int32 -1 -> int4s: [np.int32(15), np.int32(15), np.int32(15), np.int32(15), np.int32(15), np.int32(15), np.int32(15), np.int32(15)]
3, 61: int32 -1 -> int4s: [np.int32(15), np.int32(15), np.int32(15), np.int32(15), np.int32(15), np.int32(15), np.int32(15), np.int32(15)]
3, 62: int32 -1 -> int4s: [np.int32(15), np.int32(15), np.int32(15), np.int32(15), np.int32(15), np.int32(15), np.int32(15), np.int32(15)]
3, 63: int32 -1 -> int4s: [np.int32(15), np.int32(15), np.int32(15), np.int32(15), np.int32(15), np.int32(15), np.int32(15), np.int32(15)]

